2018/01/12 09:40:40 [I]                                                                                                ！！当前运行模式为：[ 单机 ] 模式！！
2018/01/12 09:44:36 [I]  *     不使用代理IP

2018/01/12 09:44:36 [I]  *     执行任务总数(任务数[*自定义配置数])为 1 个

2018/01/12 09:44:36 [I]  *     采集引擎池容量为 1

2018/01/12 09:44:36 [I]  *     并发协程最多 150 个

2018/01/12 09:44:36 [I]  *     默认随机停顿 150~600 毫秒

2018/01/12 09:44:36 [P]  *                                                                                                 —— 开始抓取，请耐心等候 ——
2018/01/12 09:44:36 [I]  *********************************************************************************************************************************** 
2018/01/12 09:44:36 [D]  *     Start: http://list.taobao.com/browse/cat-0.htm
2018/01/12 09:44:36 [I]  *     Success: http://list.taobao.com/browse/cat-0.htm

2018/01/12 09:44:37 [P]  *     [任务小计：淘宝数据 | KEYIN：]   无采集结果，用时 587.5366ms！

2018/01/12 09:44:37 [I]  * 
2018/01/12 09:44:37 [I]  *********************************************************************************************************************************** 
2018/01/12 09:44:37 [I]  * 
2018/01/12 09:44:37 [P]  *                            —— 本次无采集结果，实爬【成功 1 URL + 失败 0 URL = 合计 1 URL】，耗时【587.5366ms】 ——
2018/01/12 09:44:37 [I]  * 
2018/01/12 09:44:37 [I]  *********************************************************************************************************************************** 
2018/01/12 09:45:16 [I]  *     不使用代理IP

2018/01/12 09:45:16 [I]  *     执行任务总数(任务数[*自定义配置数])为 1 个

2018/01/12 09:45:16 [I]  *     采集引擎池容量为 1

2018/01/12 09:45:16 [I]  *     并发协程最多 150 个

2018/01/12 09:45:16 [I]  *     默认随机停顿 150~600 毫秒

2018/01/12 09:45:16 [P]  *                                                                                                 —— 开始抓取，请耐心等候 ——
2018/01/12 09:45:16 [I]  *********************************************************************************************************************************** 
2018/01/12 09:45:16 [D]  *     Start: http://s.1688.com/selloffer/offer_search.htm?enableAsync=false&earseDirect=false&button_click=top&pageSize=60&n=y&offset=3&uniqfield=pic_tag_id&keyins=	
&beginPage=1
2018/01/12 09:45:16 [C] [消息提示：| 任务：阿里巴巴产品搜索 | KEYIN：	
 | 规则：生成请求] 由于跳转AJAX问题，目前只能每个子类抓取 1 页……

2018/01/12 09:45:16 [I]  *     Success: http://s.1688.com/selloffer/offer_search.htm?enableAsync=false&earseDirect=false&button_click=top&pageSize=60&n=y&offset=3&uniqfield=pic_tag_id&keyins=	
&beginPage=1

2018/01/12 09:45:16 [P]  *     [任务小计：阿里巴巴产品搜索 | KEYIN：	
]   无采集结果，用时 425.9568ms！

2018/01/12 09:45:16 [I]  * 
2018/01/12 09:45:16 [I]  *********************************************************************************************************************************** 
2018/01/12 09:45:16 [I]  * 
2018/01/12 09:45:16 [P]  *                            —— 本次无采集结果，实爬【成功 1 URL + 失败 0 URL = 合计 1 URL】，耗时【425.9568ms】 ——
2018/01/12 09:45:16 [I]  * 
2018/01/12 09:45:16 [I]  *********************************************************************************************************************************** 
2018/01/12 09:46:20 [I]  *     不使用代理IP

2018/01/12 09:46:20 [I]  *     执行任务总数(任务数[*自定义配置数])为 2 个

2018/01/12 09:46:20 [I]  *     采集引擎池容量为 2

2018/01/12 09:46:20 [I]  *     并发协程最多 150 个

2018/01/12 09:46:20 [I]  *     默认随机停顿 150~600 毫秒

2018/01/12 09:46:20 [P]  *                                                                                                 —— 开始抓取，请耐心等候 ——
2018/01/12 09:46:20 [I]  *********************************************************************************************************************************** 
2018/01/12 09:46:20 [D]  *     Start: http://list.taobao.com/browse/cat-0.htm
2018/01/12 09:46:20 [D]  *     Start: http://s.taobao.com/search?q=娃娃&ie=utf8&cps=yes&app=vproduct&cd=false&v=auction&tab=all&vlist=1&bcoffset=1&s=0
2018/01/12 09:46:20 [I]  *     Success: http://list.taobao.com/browse/cat-0.htm

2018/01/12 09:46:20 [C]  ********************** 淘宝关键词 [娃娃] 的搜索结果共有 101059 页，计划抓取 101059 页 **********************
2018/01/12 09:46:20 [P]  *     [任务小计：淘宝数据 | KEYIN：]   无采集结果，用时 322.8437ms！

2018/01/12 09:46:20 [D]  *     Start: http://s.taobao.com/search?q=娃娃&ie=utf8&cps=yes&app=vproduct&cd=false&v=auction&tab=all&vlist=1&bcoffset=1&s=44
2018/01/12 09:46:20 [W]  *     [convert][http://s.taobao.com/search?q=娃娃&ie=utf8&cps=yes&app=vproduct&cd=false&v=auction&tab=all&vlist=1&bcoffset=1&s=44]: EOF (ignore transcoding)

2018/01/12 09:46:20 [E] error is unexpected end of JSON input

2018/01/12 09:46:20 [I]  *     Success: http://s.taobao.com/search?q=娃娃&ie=utf8&cps=yes&app=vproduct&cd=false&v=auction&tab=all&vlist=1&bcoffset=1&s=44

2018/01/12 09:46:20 [I]  *     Success: http://s.taobao.com/search?q=娃娃&ie=utf8&cps=yes&app=vproduct&cd=false&v=auction&tab=all&vlist=1&bcoffset=1&s=0

2018/01/12 09:46:21 [D]  *     Start: http:https://click.simba.taobao.com/cc_im?p=%CD%DE%CD%DE&s=686253421&k=513&e=5l9eZkvL6OgcaARx0JROK3xG4mKCMraVHdxMhd0yulcs7s795Gmd7caePkckO%2B3QIdOElwNDS1d3uiWplRFq1xJjt1fQvUg9QOnJg%2BVwozzvfBpjBUhCNQz8eKwtqjkt2hmPUvBKz5dtezSwp7tBUwoRGHzjCMRmQKqQmdlSWJVPGVppXzmDgODa36IxF6brL%2F03pcpuUtjCeJi%2FqPThMu%2FINC5mHfgps0RdtQ9NM77ckFgeun2PSgzz%2FSvizPwahMfk9bDWMTsBJXq9LXAhAVgvia9pQWsb%2FUUT3hKkZ8Aw4vxWvTFtX4wdqscHJHYFSBL4bXuM%2FdnkJv85XjzfPv86zVkLVaKSL3BhGeBSmxvV09k3AWSwJGGg3GXr4ix7vFDbf1V4BhUs%2F4qr1sYPC1tKc8F3iDmL88FcpH87y33QBZrU3Z91PBZf4TGTbk5Ee568eBu64WxCEoEABtZm6J9S5mFSQBjtNrWhwwzNzv%2FMRbcg5iujaXxG4mKCMraV
2018/01/12 09:46:21 [D]  *     Start: http://detail.tmall.com/item.htm?id=547099748962&ad_id=&am_id=&cm_id=140105335569ed55e27b&pm_id=&abbucket=0
2018/01/12 09:46:21 [D]  *     Start: http://detail.tmall.com/item.htm?id=548138039257&ad_id=&am_id=&cm_id=140105335569ed55e27b&pm_id=&abbucket=0
2018/01/12 09:46:22 [D]  *     Start: http://detail.tmall.com/item.htm?id=17294263410&ns=1&abbucket=0
2018/01/12 09:46:22 [I]  *     Success: http://detail.tmall.com/item.htm?id=548138039257&ad_id=&am_id=&cm_id=140105335569ed55e27b&pm_id=&abbucket=0

2018/01/12 09:46:22 [I]  *     + 失败请求: [http://detail.tmall.com/item.htm?id=547099748962&ad_id=&am_id=&cm_id=140105335569ed55e27b&pm_id=&abbucket=0]

2018/01/12 09:46:22 [E]  *     Panic  [process][http://detail.tmall.com/item.htm?id=547099748962&ad_id=&am_id=&cm_id=140105335569ed55e27b&pm_id=&abbucket=0]: runtime error: index out of range
[TRACE]
github.com/henrylee2cn/pholcus_lib/taobaosearch.glob..func5(0xc04a110000)
	D:/GoWorks/src/github.com/henrylee2cn/pholcus_lib/taobaosearch/taobaosearch.go:168 +0x9ff
github.com/henrylee2cn/pholcus/app/spider.(*Context).Parse(0xc04a110000, 0xc04a125f48, 0x1, 0x1, 0xc042578230)
	D:/GoWorks/src/github.com/henrylee2cn/pholcus/app/spider/context.go:343 +0x217
github.com/henrylee2cn/pholcus/app/crawler.(*crawler).Process(0xc042035b40, 0xc049e38e10)
	D:/GoWorks/src/github.com/henrylee2cn/pholcus/app/crawler/crawler.go:159 +0x2ef
github.com/henrylee2cn/pholcus/app/crawler.(*crawler).run.func1(0xc042035b40, 0xc049e38e10)
	D:/GoWorks/src/github.com/henrylee2cn/pholcus/app/crawler/crawler.go:102 +0x11d
created by github.com/henrylee2cn/pholcus/app/crawler.(*crawler).run
	D:/GoWorks/src/github.com/henrylee2cn/pholcus/app/crawler/crawler.go:97 +0x7f

2018/01/12 09:46:22 [D]  *     Start: http://detail.tmall.com/item.htm?id=556411469289&ns=1&abbucket=0
2018/01/12 09:46:22 [I]  *     + 失败请求: [http://detail.tmall.com/item.htm?id=17294263410&ns=1&abbucket=0]

2018/01/12 09:46:22 [E]  *     Panic  [process][http://detail.tmall.com/item.htm?id=17294263410&ns=1&abbucket=0]: runtime error: index out of range
[TRACE]
github.com/henrylee2cn/pholcus_lib/taobaosearch.glob..func5(0xc04a15ea80)
	D:/GoWorks/src/github.com/henrylee2cn/pholcus_lib/taobaosearch/taobaosearch.go:168 +0x9ff
github.com/henrylee2cn/pholcus/app/spider.(*Context).Parse(0xc04a15ea80, 0xc04a1d9f48, 0x1, 0x1, 0xc042969340)
	D:/GoWorks/src/github.com/henrylee2cn/pholcus/app/spider/context.go:343 +0x217
github.com/henrylee2cn/pholcus/app/crawler.(*crawler).Process(0xc042035b40, 0xc049e38ff0)
	D:/GoWorks/src/github.com/henrylee2cn/pholcus/app/crawler/crawler.go:159 +0x2ef
github.com/henrylee2cn/pholcus/app/crawler.(*crawler).run.func1(0xc042035b40, 0xc049e38ff0)
	D:/GoWorks/src/github.com/henrylee2cn/pholcus/app/crawler/crawler.go:102 +0x11d
created by github.com/henrylee2cn/pholcus/app/crawler.(*crawler).run
	D:/GoWorks/src/github.com/henrylee2cn/pholcus/app/crawler/crawler.go:97 +0x7f

2018/01/12 09:46:23 [I]  *     Success: http://detail.tmall.com/item.htm?id=556411469289&ns=1&abbucket=0

2018/01/12 09:46:23 [D]  *     Start: http://item.taobao.com/item.htm?id=560667545255&ns=1&abbucket=0#detail
2018/01/12 09:46:23 [I]  *     Success: http://item.taobao.com/item.htm?id=560667545255&ns=1&abbucket=0#detail

2018/01/12 09:46:23 [D]  *     Start: http://detail.tmall.com/item.htm?id=38763334841&ns=1&abbucket=0
2018/01/12 09:46:23 [D]  *     Start: http://detail.tmall.com/item.htm?id=525129203915&ns=1&abbucket=0
2018/01/12 09:46:23 [I]  *     + 失败请求: [http://detail.tmall.com/item.htm?id=38763334841&ns=1&abbucket=0]

2018/01/12 09:46:23 [E]  *     Panic  [process][http://detail.tmall.com/item.htm?id=38763334841&ns=1&abbucket=0]: runtime error: index out of range
[TRACE]
github.com/henrylee2cn/pholcus_lib/taobaosearch.glob..func5(0xc04a111280)
	D:/GoWorks/src/github.com/henrylee2cn/pholcus_lib/taobaosearch/taobaosearch.go:168 +0x9ff
github.com/henrylee2cn/pholcus/app/spider.(*Context).Parse(0xc04a111280, 0xc04a125f48, 0x1, 0x1, 0xc042969440)
	D:/GoWorks/src/github.com/henrylee2cn/pholcus/app/spider/context.go:343 +0x217
github.com/henrylee2cn/pholcus/app/crawler.(*crawler).Process(0xc042035b40, 0xc049e392c0)
	D:/GoWorks/src/github.com/henrylee2cn/pholcus/app/crawler/crawler.go:159 +0x2ef
github.com/henrylee2cn/pholcus/app/crawler.(*crawler).run.func1(0xc042035b40, 0xc049e392c0)
	D:/GoWorks/src/github.com/henrylee2cn/pholcus/app/crawler/crawler.go:102 +0x11d
created by github.com/henrylee2cn/pholcus/app/crawler.(*crawler).run
	D:/GoWorks/src/github.com/henrylee2cn/pholcus/app/crawler/crawler.go:97 +0x7f

2018/01/12 09:46:24 [D]  *     Start: http://detail.tmall.com/item.htm?id=529380982466&ns=1&abbucket=0
2018/01/12 09:46:24 [I]  *     Success: http://detail.tmall.com/item.htm?id=525129203915&ns=1&abbucket=0

2018/01/12 09:46:24 [D]  *     Start: http://detail.tmall.com/item.htm?id=535372929011&ns=1&abbucket=0
2018/01/12 09:46:24 [I]  *     Success: http://detail.tmall.com/item.htm?id=529380982466&ns=1&abbucket=0

2018/01/12 09:46:24 [D]  *     Start: http://detail.tmall.com/item.htm?id=547305535870&ns=1&abbucket=0
2018/01/12 09:46:25 [I]  *     + 失败请求: [http://detail.tmall.com/item.htm?id=535372929011&ns=1&abbucket=0]

2018/01/12 09:46:25 [E]  *     Panic  [process][http://detail.tmall.com/item.htm?id=535372929011&ns=1&abbucket=0]: runtime error: index out of range
[TRACE]
github.com/henrylee2cn/pholcus_lib/taobaosearch.glob..func5(0xc04aa90f80)
	D:/GoWorks/src/github.com/henrylee2cn/pholcus_lib/taobaosearch/taobaosearch.go:168 +0x9ff
github.com/henrylee2cn/pholcus/app/spider.(*Context).Parse(0xc04aa90f80, 0xc04a535f48, 0x1, 0x1, 0xc0429695c0)
	D:/GoWorks/src/github.com/henrylee2cn/pholcus/app/spider/context.go:343 +0x217
github.com/henrylee2cn/pholcus/app/crawler.(*crawler).Process(0xc042035b40, 0xc049e39590)
	D:/GoWorks/src/github.com/henrylee2cn/pholcus/app/crawler/crawler.go:159 +0x2ef
github.com/henrylee2cn/pholcus/app/crawler.(*crawler).run.func1(0xc042035b40, 0xc049e39590)
	D:/GoWorks/src/github.com/henrylee2cn/pholcus/app/crawler/crawler.go:102 +0x11d
created by github.com/henrylee2cn/pholcus/app/crawler.(*crawler).run
	D:/GoWorks/src/github.com/henrylee2cn/pholcus/app/crawler/crawler.go:97 +0x7f

2018/01/12 09:46:25 [D]  *     Start: http://detail.tmall.com/item.htm?id=543020177069&ns=1&abbucket=0
2018/01/12 09:46:25 [I]  *     + 失败请求: [http://detail.tmall.com/item.htm?id=547305535870&ns=1&abbucket=0]

2018/01/12 09:46:25 [E]  *     Panic  [process][http://detail.tmall.com/item.htm?id=547305535870&ns=1&abbucket=0]: runtime error: index out of range
[TRACE]
github.com/henrylee2cn/pholcus_lib/taobaosearch.glob..func5(0xc04a914a80)
	D:/GoWorks/src/github.com/henrylee2cn/pholcus_lib/taobaosearch/taobaosearch.go:168 +0x9ff
github.com/henrylee2cn/pholcus/app/spider.(*Context).Parse(0xc04a914a80, 0xc04a531f48, 0x1, 0x1, 0xc042969640)
	D:/GoWorks/src/github.com/henrylee2cn/pholcus/app/spider/context.go:343 +0x217
github.com/henrylee2cn/pholcus/app/crawler.(*crawler).Process(0xc042035b40, 0xc049e39680)
	D:/GoWorks/src/github.com/henrylee2cn/pholcus/app/crawler/crawler.go:159 +0x2ef
github.com/henrylee2cn/pholcus/app/crawler.(*crawler).run.func1(0xc042035b40, 0xc049e39680)
	D:/GoWorks/src/github.com/henrylee2cn/pholcus/app/crawler/crawler.go:102 +0x11d
created by github.com/henrylee2cn/pholcus/app/crawler.(*crawler).run
	D:/GoWorks/src/github.com/henrylee2cn/pholcus/app/crawler/crawler.go:97 +0x7f

2018/01/12 09:46:25 [I]  *     Success: http://detail.tmall.com/item.htm?id=543020177069&ns=1&abbucket=0

2018/01/12 09:46:25 [D]  *     Start: http://detail.tmall.com/item.htm?id=558808840443&ns=1&abbucket=0
2018/01/12 09:46:25 [D]  *     Start: http://detail.tmall.com/item.htm?id=560602067061&ns=1&abbucket=0
2018/01/12 09:46:26 [D]  *     Start: http://detail.tmall.com/item.htm?id=537721467480&ns=1&abbucket=0
2018/01/12 09:46:26 [I]  *     Success: http://detail.tmall.com/item.htm?id=558808840443&ns=1&abbucket=0

2018/01/12 09:46:26 [I]  *     Success: http://detail.tmall.com/item.htm?id=560602067061&ns=1&abbucket=0

2018/01/12 09:46:26 [D]  *     Start: http://detail.tmall.com/item.htm?id=546087701857&ns=1&abbucket=0
2018/01/12 09:46:26 [I]  *     Success: http://detail.tmall.com/item.htm?id=537721467480&ns=1&abbucket=0

2018/01/12 09:46:27 [D]  *     Start: http://detail.tmall.com/item.htm?id=550407614193&ns=1&abbucket=0
2018/01/12 09:46:27 [I]  *     Success: http://detail.tmall.com/item.htm?id=546087701857&ns=1&abbucket=0

2018/01/12 09:46:27 [I]  *     + 失败请求: [http:https://click.simba.taobao.com/cc_im?p=%CD%DE%CD%DE&s=686253421&k=513&e=5l9eZkvL6OgcaARx0JROK3xG4mKCMraVHdxMhd0yulcs7s795Gmd7caePkckO%2B3QIdOElwNDS1d3uiWplRFq1xJjt1fQvUg9QOnJg%2BVwozzvfBpjBUhCNQz8eKwtqjkt2hmPUvBKz5dtezSwp7tBUwoRGHzjCMRmQKqQmdlSWJVPGVppXzmDgODa36IxF6brL%2F03pcpuUtjCeJi%2FqPThMu%2FINC5mHfgps0RdtQ9NM77ckFgeun2PSgzz%2FSvizPwahMfk9bDWMTsBJXq9LXAhAVgvia9pQWsb%2FUUT3hKkZ8Aw4vxWvTFtX4wdqscHJHYFSBL4bXuM%2FdnkJv85XjzfPv86zVkLVaKSL3BhGeBSmxvV09k3AWSwJGGg3GXr4ix7vFDbf1V4BhUs%2F4qr1sYPC1tKc8F3iDmL88FcpH87y33QBZrU3Z91PBZf4TGTbk5Ee568eBu64WxCEoEABtZm6J9S5mFSQBjtNrWhwwzNzv%2FMRbcg5iujaXxG4mKCMraV]

2018/01/12 09:46:27 [E]  *     Fail  [download][http:https://click.simba.taobao.com/cc_im?p=%CD%DE%CD%DE&s=686253421&k=513&e=5l9eZkvL6OgcaARx0JROK3xG4mKCMraVHdxMhd0yulcs7s795Gmd7caePkckO%2B3QIdOElwNDS1d3uiWplRFq1xJjt1fQvUg9QOnJg%2BVwozzvfBpjBUhCNQz8eKwtqjkt2hmPUvBKz5dtezSwp7tBUwoRGHzjCMRmQKqQmdlSWJVPGVppXzmDgODa36IxF6brL%2F03pcpuUtjCeJi%2FqPThMu%2FINC5mHfgps0RdtQ9NM77ckFgeun2PSgzz%2FSvizPwahMfk9bDWMTsBJXq9LXAhAVgvia9pQWsb%2FUUT3hKkZ8Aw4vxWvTFtX4wdqscHJHYFSBL4bXuM%2FdnkJv85XjzfPv86zVkLVaKSL3BhGeBSmxvV09k3AWSwJGGg3GXr4ix7vFDbf1V4BhUs%2F4qr1sYPC1tKc8F3iDmL88FcpH87y33QBZrU3Z91PBZf4TGTbk5Ee568eBu64WxCEoEABtZm6J9S5mFSQBjtNrWhwwzNzv%2FMRbcg5iujaXxG4mKCMraV]: Get http:https://click.simba.taobao.com/cc_im?e=5l9eZkvL6OgcaARx0JROK3xG4mKCMraVHdxMhd0yulcs7s795Gmd7caePkckO%2B3QIdOElwNDS1d3uiWplRFq1xJjt1fQvUg9QOnJg%2BVwozzvfBpjBUhCNQz8eKwtqjkt2hmPUvBKz5dtezSwp7tBUwoRGHzjCMRmQKqQmdlSWJVPGVppXzmDgODa36IxF6brL%2F03pcpuUtjCeJi%2FqPThMu%2FINC5mHfgps0RdtQ9NM77ckFgeun2PSgzz%2FSvizPwahMfk9bDWMTsBJXq9LXAhAVgvia9pQWsb%2FUUT3hKkZ8Aw4vxWvTFtX4wdqscHJHYFSBL4bXuM%2FdnkJv85XjzfPv86zVkLVaKSL3BhGeBSmxvV09k3AWSwJGGg3GXr4ix7vFDbf1V4BhUs%2F4qr1sYPC1tKc8F3iDmL88FcpH87y33QBZrU3Z91PBZf4TGTbk5Ee568eBu64WxCEoEABtZm6J9S5mFSQBjtNrWhwwzNzv%2FMRbcg5iujaXxG4mKCMraV&k=513&p=%CD%DE%CD%DE&s=686253421: http: no Host in request URL

2018/01/12 09:46:27 [D]  *     Start: http://detail.tmall.com/item.htm?id=547956669837&ns=1&abbucket=0
2018/01/12 09:46:27 [I]  *     Success: http://detail.tmall.com/item.htm?id=550407614193&ns=1&abbucket=0

2018/01/12 09:46:27 [D]  *     Start: http://detail.tmall.com/item.htm?id=43599387624&ns=1&abbucket=0
2018/01/12 09:46:27 [I]  *     Success: http://detail.tmall.com/item.htm?id=547956669837&ns=1&abbucket=0

2018/01/12 09:46:27 [D]  *     Start: http://item.taobao.com/item.htm?id=547418395562&ns=1&abbucket=0#detail
2018/01/12 09:46:28 [I]  *     + 失败请求: [http://item.taobao.com/item.htm?id=547418395562&ns=1&abbucket=0#detail]

2018/01/12 09:46:28 [E]  *     Panic  [process][http://item.taobao.com/item.htm?id=547418395562&ns=1&abbucket=0#detail]: runtime error: index out of range
[TRACE]
github.com/henrylee2cn/pholcus_lib/taobaosearch.glob..func5(0xc04210cc00)
	D:/GoWorks/src/github.com/henrylee2cn/pholcus_lib/taobaosearch/taobaosearch.go:168 +0x9ff
github.com/henrylee2cn/pholcus/app/spider.(*Context).Parse(0xc04210cc00, 0xc0486bbf48, 0x1, 0x1, 0xc0428dbd60)
	D:/GoWorks/src/github.com/henrylee2cn/pholcus/app/spider/context.go:343 +0x217
github.com/henrylee2cn/pholcus/app/crawler.(*crawler).Process(0xc042035b40, 0xc049e39ef0)
	D:/GoWorks/src/github.com/henrylee2cn/pholcus/app/crawler/crawler.go:159 +0x2ef
github.com/henrylee2cn/pholcus/app/crawler.(*crawler).run.func1(0xc042035b40, 0xc049e39ef0)
	D:/GoWorks/src/github.com/henrylee2cn/pholcus/app/crawler/crawler.go:102 +0x11d
created by github.com/henrylee2cn/pholcus/app/crawler.(*crawler).run
	D:/GoWorks/src/github.com/henrylee2cn/pholcus/app/crawler/crawler.go:97 +0x7f

2018/01/12 09:46:28 [D]  *     Start: http://detail.tmall.com/item.htm?id=558844777132&ns=1&abbucket=0
2018/01/12 09:46:28 [I]  *     Success: http://detail.tmall.com/item.htm?id=43599387624&ns=1&abbucket=0

2018/01/12 09:46:28 [D]  *     Start: http://detail.tmall.com/item.htm?id=543294506146&ns=1&abbucket=0
2018/01/12 09:46:28 [I]  *     Success: http://detail.tmall.com/item.htm?id=558844777132&ns=1&abbucket=0

2018/01/12 09:46:28 [D]  *     Start: http://detail.tmall.com/item.htm?id=561286619987&ns=1&abbucket=0
2018/01/12 09:46:28 [I]  *     Success: http://detail.tmall.com/item.htm?id=543294506146&ns=1&abbucket=0

2018/01/12 09:46:29 [D]  *     Start: http://detail.tmall.com/item.htm?id=561140357671&ns=1&abbucket=0
2018/01/12 09:46:29 [I]  *     Success: http://detail.tmall.com/item.htm?id=561286619987&ns=1&abbucket=0

2018/01/12 09:46:29 [I]  *     Success: http://detail.tmall.com/item.htm?id=561140357671&ns=1&abbucket=0

2018/01/12 09:46:29 [D]  *     Start: http://detail.tmall.com/item.htm?id=553074466217&ns=1&abbucket=0
2018/01/12 09:46:30 [D]  *     Start: http://item.taobao.com/item.htm?id=537520187766&ns=1&abbucket=0#detail
2018/01/12 09:46:30 [I]  *     + 失败请求: [http://item.taobao.com/item.htm?id=537520187766&ns=1&abbucket=0#detail]

2018/01/12 09:46:30 [E]  *     Panic  [process][http://item.taobao.com/item.htm?id=537520187766&ns=1&abbucket=0#detail]: runtime error: index out of range
[TRACE]
github.com/henrylee2cn/pholcus_lib/taobaosearch.glob..func5(0xc04adfa880)
	D:/GoWorks/src/github.com/henrylee2cn/pholcus_lib/taobaosearch/taobaosearch.go:168 +0x9ff
github.com/henrylee2cn/pholcus/app/spider.(*Context).Parse(0xc04adfa880, 0xc04a8e3f48, 0x1, 0x1, 0xc0428dbea0)
	D:/GoWorks/src/github.com/henrylee2cn/pholcus/app/spider/context.go:343 +0x217
github.com/henrylee2cn/pholcus/app/crawler.(*crawler).Process(0xc042035b40, 0xc04a1024b0)
	D:/GoWorks/src/github.com/henrylee2cn/pholcus/app/crawler/crawler.go:159 +0x2ef
github.com/henrylee2cn/pholcus/app/crawler.(*crawler).run.func1(0xc042035b40, 0xc04a1024b0)
	D:/GoWorks/src/github.com/henrylee2cn/pholcus/app/crawler/crawler.go:102 +0x11d
created by github.com/henrylee2cn/pholcus/app/crawler.(*crawler).run
	D:/GoWorks/src/github.com/henrylee2cn/pholcus/app/crawler/crawler.go:97 +0x7f

2018/01/12 09:46:30 [I]  *     + 失败请求: [http://detail.tmall.com/item.htm?id=553074466217&ns=1&abbucket=0]

2018/01/12 09:46:30 [E]  *     Panic  [process][http://detail.tmall.com/item.htm?id=553074466217&ns=1&abbucket=0]: runtime error: index out of range
[TRACE]
github.com/henrylee2cn/pholcus_lib/taobaosearch.glob..func5(0xc0423e0680)
	D:/GoWorks/src/github.com/henrylee2cn/pholcus_lib/taobaosearch/taobaosearch.go:168 +0x9ff
github.com/henrylee2cn/pholcus/app/spider.(*Context).Parse(0xc0423e0680, 0xc04202df48, 0x1, 0x1, 0xc042969cc0)
	D:/GoWorks/src/github.com/henrylee2cn/pholcus/app/spider/context.go:343 +0x217
github.com/henrylee2cn/pholcus/app/crawler.(*crawler).Process(0xc042035b40, 0xc04a1023c0)
	D:/GoWorks/src/github.com/henrylee2cn/pholcus/app/crawler/crawler.go:159 +0x2ef
github.com/henrylee2cn/pholcus/app/crawler.(*crawler).run.func1(0xc042035b40, 0xc04a1023c0)
	D:/GoWorks/src/github.com/henrylee2cn/pholcus/app/crawler/crawler.go:102 +0x11d
created by github.com/henrylee2cn/pholcus/app/crawler.(*crawler).run
	D:/GoWorks/src/github.com/henrylee2cn/pholcus/app/crawler/crawler.go:97 +0x7f

2018/01/12 09:46:30 [D]  *     Start: http://detail.tmall.com/item.htm?id=521623546419&ns=1&abbucket=0
2018/01/12 09:46:31 [D]  *     Start: http://detail.tmall.com/item.htm?id=541017907539&ns=1&abbucket=0
2018/01/12 09:46:31 [I]  *     Success: http://detail.tmall.com/item.htm?id=521623546419&ns=1&abbucket=0

2018/01/12 09:46:31 [D]  *     Start: http://detail.tmall.com/item.htm?id=531348664906&ns=1&abbucket=0
2018/01/12 09:46:31 [D]  *     Start: http://detail.tmall.com/item.htm?id=556553768338&ns=1&abbucket=0
2018/01/12 09:46:31 [I]  *     Success: http://detail.tmall.com/item.htm?id=541017907539&ns=1&abbucket=0

2018/01/12 09:46:32 [I]  *     Success: http://detail.tmall.com/item.htm?id=531348664906&ns=1&abbucket=0

2018/01/12 09:46:32 [I]  *     Success: http://detail.tmall.com/item.htm?id=556553768338&ns=1&abbucket=0

2018/01/12 09:46:32 [D]  *     Start: http://detail.tmall.com/item.htm?id=558878075919&ns=1&abbucket=0
2018/01/12 09:46:32 [D]  *     Start: http://detail.tmall.com/item.htm?id=561922673062&ns=1&abbucket=0
2018/01/12 09:46:32 [I]  *     Success: http://detail.tmall.com/item.htm?id=558878075919&ns=1&abbucket=0

2018/01/12 09:46:33 [D]  *     Start: http://item.taobao.com/item.htm?id=561940721403&ns=1&abbucket=0#detail
2018/01/12 09:46:33 [I]  *     Success: http://item.taobao.com/item.htm?id=561940721403&ns=1&abbucket=0#detail

2018/01/12 09:46:33 [D]  *     Start: http://detail.tmall.com/item.htm?id=546843386275&ns=1&abbucket=0
2018/01/12 09:46:33 [I]  *     Success: http://detail.tmall.com/item.htm?id=561922673062&ns=1&abbucket=0

2018/01/12 09:46:33 [D]  *     Start: http://item.taobao.com/item.htm?id=532611720751&ns=1&abbucket=0#detail
2018/01/12 09:46:34 [D]  *     Start: http://item.taobao.com/item.htm?id=524830810229&ns=1&abbucket=0#detail
2018/01/12 09:46:34 [I]  *     + 失败请求: [http://item.taobao.com/item.htm?id=532611720751&ns=1&abbucket=0#detail]

2018/01/12 09:46:34 [E]  *     Panic  [process][http://item.taobao.com/item.htm?id=532611720751&ns=1&abbucket=0#detail]: runtime error: index out of range
[TRACE]
github.com/henrylee2cn/pholcus_lib/taobaosearch.glob..func5(0xc049e3e480)
	D:/GoWorks/src/github.com/henrylee2cn/pholcus_lib/taobaosearch/taobaosearch.go:168 +0x9ff
github.com/henrylee2cn/pholcus/app/spider.(*Context).Parse(0xc049e3e480, 0xc04b0d5f48, 0x1, 0x1, 0xc0429640a0)
	D:/GoWorks/src/github.com/henrylee2cn/pholcus/app/spider/context.go:343 +0x217
github.com/henrylee2cn/pholcus/app/crawler.(*crawler).Process(0xc042035b40, 0xc04a102d20)
	D:/GoWorks/src/github.com/henrylee2cn/pholcus/app/crawler/crawler.go:159 +0x2ef
github.com/henrylee2cn/pholcus/app/crawler.(*crawler).run.func1(0xc042035b40, 0xc04a102d20)
	D:/GoWorks/src/github.com/henrylee2cn/pholcus/app/crawler/crawler.go:102 +0x11d
created by github.com/henrylee2cn/pholcus/app/crawler.(*crawler).run
	D:/GoWorks/src/github.com/henrylee2cn/pholcus/app/crawler/crawler.go:97 +0x7f

2018/01/12 09:46:34 [I]  *     Success: http://detail.tmall.com/item.htm?id=546843386275&ns=1&abbucket=0

2018/01/12 09:46:34 [I]  *     Success: http://item.taobao.com/item.htm?id=524830810229&ns=1&abbucket=0#detail

2018/01/12 09:46:34 [D]  *     Start: http://s.taobao.com/search?q=娃娃&ie=utf8&cps=yes&app=vproduct&cd=false&v=auction&tab=all&vlist=1&bcoffset=1&s=88
2018/01/12 09:46:34 [W]  *     [convert][http://s.taobao.com/search?q=娃娃&ie=utf8&cps=yes&app=vproduct&cd=false&v=auction&tab=all&vlist=1&bcoffset=1&s=88]: EOF (ignore transcoding)

2018/01/12 09:46:34 [E] error is unexpected end of JSON input

2018/01/12 09:46:34 [I]  *     Success: http://s.taobao.com/search?q=娃娃&ie=utf8&cps=yes&app=vproduct&cd=false&v=auction&tab=all&vlist=1&bcoffset=1&s=88

2018/01/12 09:46:34 [D]  *     Start: http://s.taobao.com/search?q=娃娃&ie=utf8&cps=yes&app=vproduct&cd=false&v=auction&tab=all&vlist=1&bcoffset=1&s=132
2018/01/12 09:46:34 [I]  *     Success: http://s.taobao.com/search?q=娃娃&ie=utf8&cps=yes&app=vproduct&cd=false&v=auction&tab=all&vlist=1&bcoffset=1&s=132

2018/01/12 09:46:35 [D]  *     Start: http://detail.tmall.com/item.htm?id=556670501954&ns=1&abbucket=0
2018/01/12 09:46:35 [I]  *     Success: http://detail.tmall.com/item.htm?id=556670501954&ns=1&abbucket=0

2018/01/12 09:46:35 [D]  *     Start: http://detail.tmall.com/item.htm?id=545953867470&ns=1&abbucket=0
2018/01/12 09:46:36 [I]  *     Success: http://detail.tmall.com/item.htm?id=545953867470&ns=1&abbucket=0

2018/01/12 09:46:36 [D]  *     Start: http://detail.tmall.com/item.htm?id=559229779182&ns=1&abbucket=0
2018/01/12 09:46:36 [I]  *     Success: http://detail.tmall.com/item.htm?id=559229779182&ns=1&abbucket=0

2018/01/12 09:46:36 [D]  *     Start: http://detail.tmall.com/item.htm?id=559948979777&ns=1&abbucket=0
2018/01/12 09:46:37 [D]  *     Start: http://detail.tmall.com/item.htm?id=540060825650&ns=1&abbucket=0
2018/01/12 09:46:37 [I]  *     Success: http://detail.tmall.com/item.htm?id=559948979777&ns=1&abbucket=0

2018/01/12 09:46:37 [D]  *     Start: http://item.taobao.com/item.htm?id=550242756588&ns=1&abbucket=0#detail
2018/01/12 09:46:37 [D]  *     Start: http://item.taobao.com/item.htm?id=559499124784&ns=1&abbucket=0#detail
2018/01/12 09:46:37 [I]  *     Success: http://detail.tmall.com/item.htm?id=540060825650&ns=1&abbucket=0

2018/01/12 09:46:37 [I]  *     + 失败请求: [http://item.taobao.com/item.htm?id=550242756588&ns=1&abbucket=0#detail]

2018/01/12 09:46:37 [E]  *     Panic  [process][http://item.taobao.com/item.htm?id=550242756588&ns=1&abbucket=0#detail]: runtime error: index out of range
[TRACE]
github.com/henrylee2cn/pholcus_lib/taobaosearch.glob..func5(0xc04210c080)
	D:/GoWorks/src/github.com/henrylee2cn/pholcus_lib/taobaosearch/taobaosearch.go:168 +0x9ff
github.com/henrylee2cn/pholcus/app/spider.(*Context).Parse(0xc04210c080, 0xc04202df48, 0x1, 0x1, 0xc048a62230)
	D:/GoWorks/src/github.com/henrylee2cn/pholcus/app/spider/context.go:343 +0x217
github.com/henrylee2cn/pholcus/app/crawler.(*crawler).Process(0xc042035b40, 0xc04a11b1d0)
	D:/GoWorks/src/github.com/henrylee2cn/pholcus/app/crawler/crawler.go:159 +0x2ef
github.com/henrylee2cn/pholcus/app/crawler.(*crawler).run.func1(0xc042035b40, 0xc04a11b1d0)
	D:/GoWorks/src/github.com/henrylee2cn/pholcus/app/crawler/crawler.go:102 +0x11d
created by github.com/henrylee2cn/pholcus/app/crawler.(*crawler).run
	D:/GoWorks/src/github.com/henrylee2cn/pholcus/app/crawler/crawler.go:97 +0x7f

2018/01/12 09:46:37 [I]  *     Success: http://item.taobao.com/item.htm?id=559499124784&ns=1&abbucket=0#detail

2018/01/12 09:46:37 [D]  *     Start: http://detail.tmall.com/item.htm?id=528691068513&ns=1&abbucket=0
2018/01/12 09:46:38 [D]  *     Start: http://detail.tmall.com/item.htm?id=22452019698&ns=1&abbucket=0
2018/01/12 09:46:38 [I]  *     Success: http://detail.tmall.com/item.htm?id=528691068513&ns=1&abbucket=0

2018/01/12 09:46:38 [D]  *     Start: http://item.taobao.com/item.htm?id=538018549510&ns=1&abbucket=0#detail
2018/01/12 09:46:38 [I]  *     Success: http://item.taobao.com/item.htm?id=538018549510&ns=1&abbucket=0#detail

2018/01/12 09:46:38 [I]  *     Success: http://detail.tmall.com/item.htm?id=22452019698&ns=1&abbucket=0

2018/01/12 09:46:38 [D]  *     Start: http://item.taobao.com/item.htm?id=558179516734&ns=1&abbucket=0#detail
2018/01/12 09:46:38 [I]  *     + 失败请求: [http://item.taobao.com/item.htm?id=558179516734&ns=1&abbucket=0#detail]

2018/01/12 09:46:38 [E]  *     Panic  [process][http://item.taobao.com/item.htm?id=558179516734&ns=1&abbucket=0#detail]: runtime error: index out of range
[TRACE]
github.com/henrylee2cn/pholcus_lib/taobaosearch.glob..func5(0xc04a255280)
	D:/GoWorks/src/github.com/henrylee2cn/pholcus_lib/taobaosearch/taobaosearch.go:168 +0x9ff
github.com/henrylee2cn/pholcus/app/spider.(*Context).Parse(0xc04a255280, 0xc04b94bf48, 0x1, 0x1, 0xc048a62410)
	D:/GoWorks/src/github.com/henrylee2cn/pholcus/app/spider/context.go:343 +0x217
github.com/henrylee2cn/pholcus/app/crawler.(*crawler).Process(0xc042035b40, 0xc04a11b680)
	D:/GoWorks/src/github.com/henrylee2cn/pholcus/app/crawler/crawler.go:159 +0x2ef
github.com/henrylee2cn/pholcus/app/crawler.(*crawler).run.func1(0xc042035b40, 0xc04a11b680)
	D:/GoWorks/src/github.com/henrylee2cn/pholcus/app/crawler/crawler.go:102 +0x11d
created by github.com/henrylee2cn/pholcus/app/crawler.(*crawler).run
	D:/GoWorks/src/github.com/henrylee2cn/pholcus/app/crawler/crawler.go:97 +0x7f

2018/01/12 09:46:39 [D]  *     Start: http://detail.tmall.com/item.htm?id=539604799909&ns=1&abbucket=0
2018/01/12 09:46:39 [D]  *     Start: http://item.taobao.com/item.htm?id=554770886022&ns=1&abbucket=0#detail
2018/01/12 09:46:39 [I]  *     Success: http://item.taobao.com/item.htm?id=554770886022&ns=1&abbucket=0#detail

2018/01/12 09:46:39 [I]  *     Success: http://detail.tmall.com/item.htm?id=539604799909&ns=1&abbucket=0

2018/01/12 09:46:40 [D]  *     Start: http://item.taobao.com/item.htm?id=556454452631&ns=1&abbucket=0#detail
2018/01/12 09:46:40 [I]  *     + 失败请求: [http://item.taobao.com/item.htm?id=556454452631&ns=1&abbucket=0#detail]

2018/01/12 09:46:40 [E]  *     Panic  [process][http://item.taobao.com/item.htm?id=556454452631&ns=1&abbucket=0#detail]: runtime error: index out of range
[TRACE]
github.com/henrylee2cn/pholcus_lib/taobaosearch.glob..func5(0xc049a75380)
	D:/GoWorks/src/github.com/henrylee2cn/pholcus_lib/taobaosearch/taobaosearch.go:168 +0x9ff
github.com/henrylee2cn/pholcus/app/spider.(*Context).Parse(0xc049a75380, 0xc04c1e3f48, 0x1, 0x1, 0xc048a62550)
	D:/GoWorks/src/github.com/henrylee2cn/pholcus/app/spider/context.go:343 +0x217
github.com/henrylee2cn/pholcus/app/crawler.(*crawler).Process(0xc042035b40, 0xc04a11b950)
	D:/GoWorks/src/github.com/henrylee2cn/pholcus/app/crawler/crawler.go:159 +0x2ef
github.com/henrylee2cn/pholcus/app/crawler.(*crawler).run.func1(0xc042035b40, 0xc04a11b950)
	D:/GoWorks/src/github.com/henrylee2cn/pholcus/app/crawler/crawler.go:102 +0x11d
created by github.com/henrylee2cn/pholcus/app/crawler.(*crawler).run
	D:/GoWorks/src/github.com/henrylee2cn/pholcus/app/crawler/crawler.go:97 +0x7f

2018/01/12 09:46:40 [D]  *     Start: http://item.taobao.com/item.htm?id=37088343925&ns=1&abbucket=0#detail
2018/01/12 09:46:40 [I]  *     Success: http://item.taobao.com/item.htm?id=37088343925&ns=1&abbucket=0#detail

2018/01/12 09:46:40 [D]  *     Start: http://item.taobao.com/item.htm?id=530626842983&ns=1&abbucket=0#detail
2018/01/12 09:46:40 [I]  *     Success: http://item.taobao.com/item.htm?id=530626842983&ns=1&abbucket=0#detail

2018/01/12 09:46:41 [D]  *     Start: http://detail.tmall.com/item.htm?id=556845880998&ns=1&abbucket=0
2018/01/12 09:46:41 [D]  *     Start: http://detail.tmall.com/item.htm?id=523169194748&ns=1&abbucket=0
2018/01/12 09:46:41 [I]  *     + 失败请求: [http://detail.tmall.com/item.htm?id=556845880998&ns=1&abbucket=0]

2018/01/12 09:46:41 [E]  *     Panic  [process][http://detail.tmall.com/item.htm?id=556845880998&ns=1&abbucket=0]: runtime error: index out of range
[TRACE]
github.com/henrylee2cn/pholcus_lib/taobaosearch.glob..func5(0xc04aa90c00)
	D:/GoWorks/src/github.com/henrylee2cn/pholcus_lib/taobaosearch/taobaosearch.go:168 +0x9ff
github.com/henrylee2cn/pholcus/app/spider.(*Context).Parse(0xc04aa90c00, 0xc04c1e3f48, 0x1, 0x1, 0xc048a1a5c0)
	D:/GoWorks/src/github.com/henrylee2cn/pholcus/app/spider/context.go:343 +0x217
github.com/henrylee2cn/pholcus/app/crawler.(*crawler).Process(0xc042035b40, 0xc04a11bc20)
	D:/GoWorks/src/github.com/henrylee2cn/pholcus/app/crawler/crawler.go:159 +0x2ef
github.com/henrylee2cn/pholcus/app/crawler.(*crawler).run.func1(0xc042035b40, 0xc04a11bc20)
	D:/GoWorks/src/github.com/henrylee2cn/pholcus/app/crawler/crawler.go:102 +0x11d
created by github.com/henrylee2cn/pholcus/app/crawler.(*crawler).run
	D:/GoWorks/src/github.com/henrylee2cn/pholcus/app/crawler/crawler.go:97 +0x7f

2018/01/12 09:46:41 [D]  *     Start: http://detail.tmall.com/item.htm?id=45280623824&ns=1&abbucket=0
2018/01/12 09:46:41 [I]  *     Success: http://detail.tmall.com/item.htm?id=523169194748&ns=1&abbucket=0

2018/01/12 09:46:42 [D]  *     Start: http://item.taobao.com/item.htm?id=528457224915&ns=1&abbucket=0#detail
2018/01/12 09:46:42 [I]  *     Success: http://item.taobao.com/item.htm?id=528457224915&ns=1&abbucket=0#detail

2018/01/12 09:46:42 [I]  *     + 失败请求: [http://detail.tmall.com/item.htm?id=45280623824&ns=1&abbucket=0]

2018/01/12 09:46:42 [E]  *     Panic  [process][http://detail.tmall.com/item.htm?id=45280623824&ns=1&abbucket=0]: runtime error: index out of range
[TRACE]
github.com/henrylee2cn/pholcus_lib/taobaosearch.glob..func5(0xc04c603000)
	D:/GoWorks/src/github.com/henrylee2cn/pholcus_lib/taobaosearch/taobaosearch.go:168 +0x9ff
github.com/henrylee2cn/pholcus/app/spider.(*Context).Parse(0xc04c603000, 0xc04b94bf48, 0x1, 0x1, 0xc048a1a6c0)
	D:/GoWorks/src/github.com/henrylee2cn/pholcus/app/spider/context.go:343 +0x217
github.com/henrylee2cn/pholcus/app/crawler.(*crawler).Process(0xc042035b40, 0xc04a11be00)
	D:/GoWorks/src/github.com/henrylee2cn/pholcus/app/crawler/crawler.go:159 +0x2ef
github.com/henrylee2cn/pholcus/app/crawler.(*crawler).run.func1(0xc042035b40, 0xc04a11be00)
	D:/GoWorks/src/github.com/henrylee2cn/pholcus/app/crawler/crawler.go:102 +0x11d
created by github.com/henrylee2cn/pholcus/app/crawler.(*crawler).run
	D:/GoWorks/src/github.com/henrylee2cn/pholcus/app/crawler/crawler.go:97 +0x7f

2018/01/12 09:46:42 [D]  *     Start: http://detail.tmall.com/item.htm?id=538592265651&ns=1&abbucket=0
2018/01/12 09:46:42 [D]  *     Start: http://detail.tmall.com/item.htm?id=559014643663&ns=1&abbucket=0
2018/01/12 09:46:42 [I]  *     + 失败请求: [http://detail.tmall.com/item.htm?id=538592265651&ns=1&abbucket=0]

2018/01/12 09:46:42 [E]  *     Panic  [process][http://detail.tmall.com/item.htm?id=538592265651&ns=1&abbucket=0]: runtime error: index out of range
[TRACE]
github.com/henrylee2cn/pholcus_lib/taobaosearch.glob..func5(0xc04c603700)
	D:/GoWorks/src/github.com/henrylee2cn/pholcus_lib/taobaosearch/taobaosearch.go:168 +0x9ff
github.com/henrylee2cn/pholcus/app/spider.(*Context).Parse(0xc04c603700, 0xc04b94bf48, 0x1, 0x1, 0xc048a1a740)
	D:/GoWorks/src/github.com/henrylee2cn/pholcus/app/spider/context.go:343 +0x217
github.com/henrylee2cn/pholcus/app/crawler.(*crawler).Process(0xc042035b40, 0xc048a82000)
	D:/GoWorks/src/github.com/henrylee2cn/pholcus/app/crawler/crawler.go:159 +0x2ef
github.com/henrylee2cn/pholcus/app/crawler.(*crawler).run.func1(0xc042035b40, 0xc048a82000)
	D:/GoWorks/src/github.com/henrylee2cn/pholcus/app/crawler/crawler.go:102 +0x11d
created by github.com/henrylee2cn/pholcus/app/crawler.(*crawler).run
	D:/GoWorks/src/github.com/henrylee2cn/pholcus/app/crawler/crawler.go:97 +0x7f

2018/01/12 09:46:43 [D]  *     Start: http://detail.tmall.com/item.htm?id=560552161505&ns=1&abbucket=0
2018/01/12 09:46:43 [I]  *     Success: http://detail.tmall.com/item.htm?id=559014643663&ns=1&abbucket=0

2018/01/12 09:46:43 [D]  *     Start: http://detail.tmall.com/item.htm?id=547264983465&ns=1&abbucket=0
2018/01/12 09:46:43 [I]  *     Success: http://detail.tmall.com/item.htm?id=560552161505&ns=1&abbucket=0

2018/01/12 09:46:43 [D]  *     Start: http://item.taobao.com/item.htm?id=552444611668&ns=1&abbucket=0#detail
2018/01/12 09:46:43 [I]  *     + 失败请求: [http://detail.tmall.com/item.htm?id=547264983465&ns=1&abbucket=0]

2018/01/12 09:46:43 [E]  *     Panic  [process][http://detail.tmall.com/item.htm?id=547264983465&ns=1&abbucket=0]: runtime error: index out of range
[TRACE]
github.com/henrylee2cn/pholcus_lib/taobaosearch.glob..func5(0xc04bece680)
	D:/GoWorks/src/github.com/henrylee2cn/pholcus_lib/taobaosearch/taobaosearch.go:168 +0x9ff
github.com/henrylee2cn/pholcus/app/spider.(*Context).Parse(0xc04bece680, 0xc04c1e3f48, 0x1, 0x1, 0xc048a1a8c0)
	D:/GoWorks/src/github.com/henrylee2cn/pholcus/app/spider/context.go:343 +0x217
github.com/henrylee2cn/pholcus/app/crawler.(*crawler).Process(0xc042035b40, 0xc048a822d0)
	D:/GoWorks/src/github.com/henrylee2cn/pholcus/app/crawler/crawler.go:159 +0x2ef
github.com/henrylee2cn/pholcus/app/crawler.(*crawler).run.func1(0xc042035b40, 0xc048a822d0)
	D:/GoWorks/src/github.com/henrylee2cn/pholcus/app/crawler/crawler.go:102 +0x11d
created by github.com/henrylee2cn/pholcus/app/crawler.(*crawler).run
	D:/GoWorks/src/github.com/henrylee2cn/pholcus/app/crawler/crawler.go:97 +0x7f

2018/01/12 09:46:43 [D]  *     Start: http://item.taobao.com/item.htm?id=561305631434&ns=1&abbucket=0#detail
2018/01/12 09:46:43 [I]  *     + 失败请求: [http://item.taobao.com/item.htm?id=552444611668&ns=1&abbucket=0#detail]

2018/01/12 09:46:43 [E]  *     Panic  [process][http://item.taobao.com/item.htm?id=552444611668&ns=1&abbucket=0#detail]: runtime error: index out of range
[TRACE]
github.com/henrylee2cn/pholcus_lib/taobaosearch.glob..func5(0xc04d232300)
	D:/GoWorks/src/github.com/henrylee2cn/pholcus_lib/taobaosearch/taobaosearch.go:168 +0x9ff
github.com/henrylee2cn/pholcus/app/spider.(*Context).Parse(0xc04d232300, 0xc04b94bf48, 0x1, 0x1, 0xc048a627d0)
	D:/GoWorks/src/github.com/henrylee2cn/pholcus/app/spider/context.go:343 +0x217
github.com/henrylee2cn/pholcus/app/crawler.(*crawler).Process(0xc042035b40, 0xc048a823c0)
	D:/GoWorks/src/github.com/henrylee2cn/pholcus/app/crawler/crawler.go:159 +0x2ef
github.com/henrylee2cn/pholcus/app/crawler.(*crawler).run.func1(0xc042035b40, 0xc048a823c0)
	D:/GoWorks/src/github.com/henrylee2cn/pholcus/app/crawler/crawler.go:102 +0x11d
created by github.com/henrylee2cn/pholcus/app/crawler.(*crawler).run
	D:/GoWorks/src/github.com/henrylee2cn/pholcus/app/crawler/crawler.go:97 +0x7f

2018/01/12 09:46:44 [I]  *     Success: http://item.taobao.com/item.htm?id=561305631434&ns=1&abbucket=0#detail

2018/01/12 09:46:44 [D]  *     Start: http://detail.tmall.com/item.htm?id=562225490415&ns=1&abbucket=0
2018/01/12 09:46:45 [I]  *     Success: http://detail.tmall.com/item.htm?id=562225490415&ns=1&abbucket=0

2018/01/12 09:46:45 [D]  *     Start: http://item.taobao.com/item.htm?id=521755300755&ns=1&abbucket=0#detail
2018/01/12 09:46:45 [I]  *     Success: http://item.taobao.com/item.htm?id=521755300755&ns=1&abbucket=0#detail

2018/01/12 09:46:45 [D]  *     Start: http://detail.tmall.com/item.htm?id=534360010152&ns=1&abbucket=0
2018/01/12 09:46:45 [D]  *     Start: http://detail.tmall.com/item.htm?id=531930044240&ns=1&abbucket=0
2018/01/12 09:46:46 [I]  *     Success: http://detail.tmall.com/item.htm?id=534360010152&ns=1&abbucket=0

2018/01/12 09:46:46 [D]  *     Start: http://detail.tmall.com/item.htm?id=545631185830&ns=1&abbucket=0
2018/01/12 09:46:46 [I]  *     Success: http://detail.tmall.com/item.htm?id=531930044240&ns=1&abbucket=0

2018/01/12 09:46:46 [D]  *     Start: http://detail.tmall.com/item.htm?id=556736255756&ns=1&abbucket=0
2018/01/12 09:46:46 [I]  *     Success: http://detail.tmall.com/item.htm?id=545631185830&ns=1&abbucket=0

2018/01/12 09:46:47 [D]  *     Start: http://detail.tmall.com/item.htm?id=540474815704&ns=1&abbucket=0
2018/01/12 09:46:47 [I]  *     Success: http://detail.tmall.com/item.htm?id=556736255756&ns=1&abbucket=0

2018/01/12 09:46:47 [D]  *     Start: http://item.taobao.com/item.htm?id=554917021885&ns=1&abbucket=0#detail
2018/01/12 09:46:47 [I]  *     + 失败请求: [http://item.taobao.com/item.htm?id=554917021885&ns=1&abbucket=0#detail]

2018/01/12 09:46:47 [E]  *     Panic  [process][http://item.taobao.com/item.htm?id=554917021885&ns=1&abbucket=0#detail]: runtime error: index out of range
[TRACE]
github.com/henrylee2cn/pholcus_lib/taobaosearch.glob..func5(0xc04d9f2880)
	D:/GoWorks/src/github.com/henrylee2cn/pholcus_lib/taobaosearch/taobaosearch.go:168 +0x9ff
github.com/henrylee2cn/pholcus/app/spider.(*Context).Parse(0xc04d9f2880, 0xc04b0d5f48, 0x1, 0x1, 0xc048a629b0)
	D:/GoWorks/src/github.com/henrylee2cn/pholcus/app/spider/context.go:343 +0x217
github.com/henrylee2cn/pholcus/app/crawler.(*crawler).Process(0xc042035b40, 0xc048a82c30)
	D:/GoWorks/src/github.com/henrylee2cn/pholcus/app/crawler/crawler.go:159 +0x2ef
github.com/henrylee2cn/pholcus/app/crawler.(*crawler).run.func1(0xc042035b40, 0xc048a82c30)
	D:/GoWorks/src/github.com/henrylee2cn/pholcus/app/crawler/crawler.go:102 +0x11d
created by github.com/henrylee2cn/pholcus/app/crawler.(*crawler).run
	D:/GoWorks/src/github.com/henrylee2cn/pholcus/app/crawler/crawler.go:97 +0x7f

2018/01/12 09:46:47 [I]  *     Success: http://detail.tmall.com/item.htm?id=540474815704&ns=1&abbucket=0

2018/01/12 09:46:47 [D]  *     Start: http://detail.tmall.com/item.htm?id=546473391548&ns=1&abbucket=0
2018/01/12 09:46:48 [I]  *     Success: http://detail.tmall.com/item.htm?id=546473391548&ns=1&abbucket=0

2018/01/12 09:46:48 [D]  *     Start: http://detail.tmall.com/item.htm?id=560280290415&ns=1&abbucket=0
2018/01/12 09:46:48 [I]  *     Success: http://detail.tmall.com/item.htm?id=560280290415&ns=1&abbucket=0

2018/01/12 09:46:48 [D]  *     Start: http://detail.tmall.com/item.htm?id=544649847754&ns=1&abbucket=0
2018/01/12 09:46:49 [D]  *     Start: http://detail.tmall.com/item.htm?id=561710627404&ns=1&abbucket=0
2018/01/12 09:46:49 [I]  *     Success: http://detail.tmall.com/item.htm?id=544649847754&ns=1&abbucket=0

2018/01/12 09:46:49 [D]  *     Start: http://item.taobao.com/item.htm?id=558551221532&ns=1&abbucket=0#detail
2018/01/12 09:46:49 [D]  *     Start: http://item.taobao.com/item.htm?id=37567471428&ns=1&abbucket=0#detail
2018/01/12 09:46:49 [I]  *     + 失败请求: [http://item.taobao.com/item.htm?id=558551221532&ns=1&abbucket=0#detail]

2018/01/12 09:46:49 [E]  *     Panic  [process][http://item.taobao.com/item.htm?id=558551221532&ns=1&abbucket=0#detail]: runtime error: index out of range
[TRACE]
github.com/henrylee2cn/pholcus_lib/taobaosearch.glob..func5(0xc04cf26f00)
	D:/GoWorks/src/github.com/henrylee2cn/pholcus_lib/taobaosearch/taobaosearch.go:168 +0x9ff
github.com/henrylee2cn/pholcus/app/spider.(*Context).Parse(0xc04cf26f00, 0xc04c1e3f48, 0x1, 0x1, 0xc048a62a50)
	D:/GoWorks/src/github.com/henrylee2cn/pholcus/app/spider/context.go:343 +0x217
github.com/henrylee2cn/pholcus/app/crawler.(*crawler).Process(0xc042035b40, 0xc048a830e0)
	D:/GoWorks/src/github.com/henrylee2cn/pholcus/app/crawler/crawler.go:159 +0x2ef
github.com/henrylee2cn/pholcus/app/crawler.(*crawler).run.func1(0xc042035b40, 0xc048a830e0)
	D:/GoWorks/src/github.com/henrylee2cn/pholcus/app/crawler/crawler.go:102 +0x11d
created by github.com/henrylee2cn/pholcus/app/crawler.(*crawler).run
	D:/GoWorks/src/github.com/henrylee2cn/pholcus/app/crawler/crawler.go:97 +0x7f

2018/01/12 09:46:49 [I]  *     Success: http://detail.tmall.com/item.htm?id=561710627404&ns=1&abbucket=0

2018/01/12 09:46:49 [I]  *     Success: http://item.taobao.com/item.htm?id=37567471428&ns=1&abbucket=0#detail

2018/01/12 09:46:50 [D]  *     Start: http://detail.tmall.com/item.htm?id=530557082706&ns=1&abbucket=0
2018/01/12 09:46:50 [D]  *     Start: http://item.taobao.com/item.htm?id=560132997928&ns=1&abbucket=0#detail
2018/01/12 09:46:50 [I]  *     Success: http://detail.tmall.com/item.htm?id=530557082706&ns=1&abbucket=0

2018/01/12 09:46:50 [I]  *     Success: http://item.taobao.com/item.htm?id=560132997928&ns=1&abbucket=0#detail

2018/01/12 09:46:51 [D]  *     Start: http://detail.tmall.com/item.htm?id=540942396532&ns=1&abbucket=0
2018/01/12 09:46:51 [I]  *     Success: http://detail.tmall.com/item.htm?id=540942396532&ns=1&abbucket=0

2018/01/12 09:46:51 [D]  *     Start: http://detail.tmall.com/item.htm?id=547299210466&ns=1&abbucket=0
2018/01/12 09:46:51 [D]  *     Start: http://s.taobao.com/search?q=娃娃&ie=utf8&cps=yes&app=vproduct&cd=false&v=auction&tab=all&vlist=1&bcoffset=1&s=176
2018/01/12 09:46:52 [I]  *     Success: http://s.taobao.com/search?q=娃娃&ie=utf8&cps=yes&app=vproduct&cd=false&v=auction&tab=all&vlist=1&bcoffset=1&s=176

2018/01/12 09:46:52 [I]  *     Success: http://detail.tmall.com/item.htm?id=547299210466&ns=1&abbucket=0

2018/01/12 09:46:52 [D]  *     Start: http://item.taobao.com/item.htm?id=562646034322&ns=1&abbucket=0#detail
2018/01/12 09:46:52 [I]  *     Success: http://item.taobao.com/item.htm?id=562646034322&ns=1&abbucket=0#detail

2018/01/12 09:46:52 [D]  *     Start: http://detail.tmall.com/item.htm?id=560085878140&ns=1&abbucket=0
2018/01/12 09:46:53 [D]  *     Start: http://item.taobao.com/item.htm?id=562342638993&ns=1&abbucket=0#detail
2018/01/12 09:46:53 [I]  *     + 失败请求: [http://item.taobao.com/item.htm?id=562342638993&ns=1&abbucket=0#detail]

2018/01/12 09:46:53 [E]  *     Panic  [process][http://item.taobao.com/item.htm?id=562342638993&ns=1&abbucket=0#detail]: runtime error: index out of range
[TRACE]
github.com/henrylee2cn/pholcus_lib/taobaosearch.glob..func5(0xc04e397300)
	D:/GoWorks/src/github.com/henrylee2cn/pholcus_lib/taobaosearch/taobaosearch.go:168 +0x9ff
github.com/henrylee2cn/pholcus/app/spider.(*Context).Parse(0xc04e397300, 0xc04a981f48, 0x1, 0x1, 0xc04a916500)
	D:/GoWorks/src/github.com/henrylee2cn/pholcus/app/spider/context.go:343 +0x217
github.com/henrylee2cn/pholcus/app/crawler.(*crawler).Process(0xc042035b40, 0xc04a1021e0)
	D:/GoWorks/src/github.com/henrylee2cn/pholcus/app/crawler/crawler.go:159 +0x2ef
github.com/henrylee2cn/pholcus/app/crawler.(*crawler).run.func1(0xc042035b40, 0xc04a1021e0)
	D:/GoWorks/src/github.com/henrylee2cn/pholcus/app/crawler/crawler.go:102 +0x11d
created by github.com/henrylee2cn/pholcus/app/crawler.(*crawler).run
	D:/GoWorks/src/github.com/henrylee2cn/pholcus/app/crawler/crawler.go:97 +0x7f

2018/01/12 09:46:53 [I]  *     Success: http://detail.tmall.com/item.htm?id=560085878140&ns=1&abbucket=0

2018/01/12 09:46:53 [D]  *     Start: http://detail.tmall.com/item.htm?id=549483291858&ns=1&abbucket=0
2018/01/12 09:46:53 [D]  *     Start: http://detail.tmall.com/item.htm?id=559398637939&ns=1&abbucket=0
2018/01/12 09:46:53 [I]  *     + 失败请求: [http://detail.tmall.com/item.htm?id=549483291858&ns=1&abbucket=0]

2018/01/12 09:46:53 [E]  *     Panic  [process][http://detail.tmall.com/item.htm?id=549483291858&ns=1&abbucket=0]: runtime error: index out of range
[TRACE]
github.com/henrylee2cn/pholcus_lib/taobaosearch.glob..func5(0xc04afd0200)
	D:/GoWorks/src/github.com/henrylee2cn/pholcus_lib/taobaosearch/taobaosearch.go:168 +0x9ff
github.com/henrylee2cn/pholcus/app/spider.(*Context).Parse(0xc04afd0200, 0xc04a985f48, 0x1, 0x1, 0xc04aaaf4c0)
	D:/GoWorks/src/github.com/henrylee2cn/pholcus/app/spider/context.go:343 +0x217
github.com/henrylee2cn/pholcus/app/crawler.(*crawler).Process(0xc042035b40, 0xc04a1022d0)
	D:/GoWorks/src/github.com/henrylee2cn/pholcus/app/crawler/crawler.go:159 +0x2ef
github.com/henrylee2cn/pholcus/app/crawler.(*crawler).run.func1(0xc042035b40, 0xc04a1022d0)
	D:/GoWorks/src/github.com/henrylee2cn/pholcus/app/crawler/crawler.go:102 +0x11d
created by github.com/henrylee2cn/pholcus/app/crawler.(*crawler).run
	D:/GoWorks/src/github.com/henrylee2cn/pholcus/app/crawler/crawler.go:97 +0x7f

2018/01/12 09:46:54 [D]  *     Start: http://item.taobao.com/item.htm?id=542945569462&ns=1&abbucket=0#detail
2018/01/12 09:46:54 [I]  *     + 失败请求: [http://detail.tmall.com/item.htm?id=559398637939&ns=1&abbucket=0]

2018/01/12 09:46:54 [E]  *     Panic  [process][http://detail.tmall.com/item.htm?id=559398637939&ns=1&abbucket=0]: runtime error: index out of range
[TRACE]
github.com/henrylee2cn/pholcus_lib/taobaosearch.glob..func5(0xc04a914400)
	D:/GoWorks/src/github.com/henrylee2cn/pholcus_lib/taobaosearch/taobaosearch.go:168 +0x9ff
github.com/henrylee2cn/pholcus/app/spider.(*Context).Parse(0xc04a914400, 0xc04a981f48, 0x1, 0x1, 0xc04aaaf540)
	D:/GoWorks/src/github.com/henrylee2cn/pholcus/app/spider/context.go:343 +0x217
github.com/henrylee2cn/pholcus/app/crawler.(*crawler).Process(0xc042035b40, 0xc04a1025a0)
	D:/GoWorks/src/github.com/henrylee2cn/pholcus/app/crawler/crawler.go:159 +0x2ef
github.com/henrylee2cn/pholcus/app/crawler.(*crawler).run.func1(0xc042035b40, 0xc04a1025a0)
	D:/GoWorks/src/github.com/henrylee2cn/pholcus/app/crawler/crawler.go:102 +0x11d
created by github.com/henrylee2cn/pholcus/app/crawler.(*crawler).run
	D:/GoWorks/src/github.com/henrylee2cn/pholcus/app/crawler/crawler.go:97 +0x7f

2018/01/12 09:46:54 [I]  *     Success: http://item.taobao.com/item.htm?id=542945569462&ns=1&abbucket=0#detail

2018/01/12 09:46:54 [D]  *     Start: http://detail.tmall.com/item.htm?id=559941502177&ns=1&abbucket=0
2018/01/12 09:46:55 [D]  *     Start: http://detail.tmall.com/item.htm?id=535401771559&ns=1&abbucket=0
2018/01/12 09:46:55 [I]  *     Success: http://detail.tmall.com/item.htm?id=559941502177&ns=1&abbucket=0

2018/01/12 09:46:55 [I]  *     Success: http://detail.tmall.com/item.htm?id=535401771559&ns=1&abbucket=0

2018/01/12 09:46:55 [D]  *     Start: http://item.taobao.com/item.htm?id=561053844402&ns=1&abbucket=0#detail
2018/01/12 09:46:56 [I]  *     + 失败请求: [http://item.taobao.com/item.htm?id=561053844402&ns=1&abbucket=0#detail]

2018/01/12 09:46:56 [E]  *     Panic  [process][http://item.taobao.com/item.htm?id=561053844402&ns=1&abbucket=0#detail]: runtime error: index out of range
[TRACE]
github.com/henrylee2cn/pholcus_lib/taobaosearch.glob..func5(0xc04a915880)
	D:/GoWorks/src/github.com/henrylee2cn/pholcus_lib/taobaosearch/taobaosearch.go:168 +0x9ff
github.com/henrylee2cn/pholcus/app/spider.(*Context).Parse(0xc04a915880, 0xc04202df48, 0x1, 0x1, 0xc04a916780)
	D:/GoWorks/src/github.com/henrylee2cn/pholcus/app/spider/context.go:343 +0x217
github.com/henrylee2cn/pholcus/app/crawler.(*crawler).Process(0xc042035b40, 0xc04a102960)
	D:/GoWorks/src/github.com/henrylee2cn/pholcus/app/crawler/crawler.go:159 +0x2ef
github.com/henrylee2cn/pholcus/app/crawler.(*crawler).run.func1(0xc042035b40, 0xc04a102960)
	D:/GoWorks/src/github.com/henrylee2cn/pholcus/app/crawler/crawler.go:102 +0x11d
created by github.com/henrylee2cn/pholcus/app/crawler.(*crawler).run
	D:/GoWorks/src/github.com/henrylee2cn/pholcus/app/crawler/crawler.go:97 +0x7f

2018/01/12 09:46:56 [D]  *     Start: http://detail.tmall.com/item.htm?id=548082968056&ns=1&abbucket=0
2018/01/12 09:46:56 [I]  *     Success: http://detail.tmall.com/item.htm?id=548082968056&ns=1&abbucket=0

2018/01/12 09:46:56 [D]  *     Start: http://detail.tmall.com/item.htm?id=562405169652&ns=1&abbucket=0
2018/01/12 09:46:57 [D]  *     Start: http://detail.tmall.com/item.htm?id=523183827892&ns=1&abbucket=0
2018/01/12 09:46:57 [D]  *     Start: http://detail.tmall.com/item.htm?id=561091971596&ns=1&abbucket=0
2018/01/12 09:46:57 [I]  *     Success: http://detail.tmall.com/item.htm?id=562405169652&ns=1&abbucket=0

2018/01/12 09:46:57 [D]  *     Start: http://detail.tmall.com/item.htm?id=3739617300&ns=1&abbucket=0
2018/01/12 09:46:57 [I]  *     Success: http://detail.tmall.com/item.htm?id=523183827892&ns=1&abbucket=0

2018/01/12 09:46:57 [I]  *     Success: http://detail.tmall.com/item.htm?id=561091971596&ns=1&abbucket=0

2018/01/12 09:46:57 [D]  *     Start: http://item.taobao.com/item.htm?id=547569100157&ns=1&abbucket=0#detail
2018/01/12 09:46:58 [I]  *     Success: http://detail.tmall.com/item.htm?id=3739617300&ns=1&abbucket=0

2018/01/12 09:46:58 [I]  *     Success: http://item.taobao.com/item.htm?id=547569100157&ns=1&abbucket=0#detail

2018/01/12 09:46:58 [D]  *     Start: http://detail.tmall.com/item.htm?id=561542005643&ns=1&abbucket=0
2018/01/12 09:46:58 [I]  *     Success: http://detail.tmall.com/item.htm?id=561542005643&ns=1&abbucket=0

2018/01/12 09:46:59 [D]  *     Start: http://detail.tmall.com/item.htm?id=542975228358&ns=1&abbucket=0
2018/01/12 09:46:59 [D]  *     Start: http://item.taobao.com/item.htm?id=523768946865&ns=1&abbucket=0#detail
2018/01/12 09:46:59 [I]  *     Success: http://item.taobao.com/item.htm?id=523768946865&ns=1&abbucket=0#detail

2018/01/12 09:46:59 [I]  *     Success: http://detail.tmall.com/item.htm?id=542975228358&ns=1&abbucket=0

2018/01/12 09:46:59 [D]  *     Start: http://detail.tmall.com/item.htm?id=553375254572&ns=1&abbucket=0
2018/01/12 09:46:59 [D]  *     Start: http://detail.tmall.com/item.htm?id=559838457575&ns=1&abbucket=0
2018/01/12 09:47:00 [I]  *     Success: http://detail.tmall.com/item.htm?id=553375254572&ns=1&abbucket=0

2018/01/12 09:47:00 [D]  *     Start: http://detail.tmall.com/item.htm?id=551647589536&ns=1&abbucket=0
2018/01/12 09:47:00 [I]  *     Success: http://detail.tmall.com/item.htm?id=559838457575&ns=1&abbucket=0

2018/01/12 09:47:00 [I]  *     Success: http://detail.tmall.com/item.htm?id=551647589536&ns=1&abbucket=0

2018/01/12 09:47:00 [D]  *     Start: http://item.taobao.com/item.htm?id=560922375551&ns=1&abbucket=0#detail
2018/01/12 09:47:01 [I]  *     Success: http://item.taobao.com/item.htm?id=560922375551&ns=1&abbucket=0#detail

2018/01/12 09:47:01 [D]  *     Start: http://detail.tmall.com/item.htm?id=26356032158&ns=1&abbucket=0
2018/01/12 09:47:01 [D]  *     Start: http://detail.tmall.com/item.htm?id=555552452183&ns=1&abbucket=0
2018/01/12 09:47:01 [D]  *     Start: http://item.taobao.com/item.htm?id=561133501446&ns=1&abbucket=0#detail
2018/01/12 09:47:01 [I]  *     Success: http://detail.tmall.com/item.htm?id=26356032158&ns=1&abbucket=0

2018/01/12 09:47:01 [I]  *     Success: http://item.taobao.com/item.htm?id=561133501446&ns=1&abbucket=0#detail

2018/01/12 09:47:01 [D]  *     Start: http://detail.tmall.com/item.htm?id=556982877873&ns=1&abbucket=0
2018/01/12 09:47:01 [I]  *     Success: http://detail.tmall.com/item.htm?id=555552452183&ns=1&abbucket=0

2018/01/12 09:47:02 [D]  *     Start: http://detail.tmall.com/item.htm?id=542285888012&ns=1&abbucket=0
2018/01/12 09:47:02 [I]  *     Success: http://detail.tmall.com/item.htm?id=556982877873&ns=1&abbucket=0

2018/01/12 09:47:02 [D]  *     Start: http://item.taobao.com/item.htm?id=549303712587&ns=1&abbucket=0#detail
2018/01/12 09:47:02 [I]  *     Success: http://detail.tmall.com/item.htm?id=542285888012&ns=1&abbucket=0

2018/01/12 09:47:02 [I]  *     Success: http://item.taobao.com/item.htm?id=549303712587&ns=1&abbucket=0#detail

2018/01/12 09:47:02 [D]  *     Start: http://detail.tmall.com/item.htm?id=551851537374&ns=1&abbucket=0
2018/01/12 09:47:03 [D]  *     Start: http://item.taobao.com/item.htm?id=553116376272&ns=1&abbucket=0#detail
2018/01/12 09:47:03 [I]  *     + 失败请求: [http://item.taobao.com/item.htm?id=553116376272&ns=1&abbucket=0#detail]

2018/01/12 09:47:03 [E]  *     Panic  [process][http://item.taobao.com/item.htm?id=553116376272&ns=1&abbucket=0#detail]: runtime error: index out of range
[TRACE]
github.com/henrylee2cn/pholcus_lib/taobaosearch.glob..func5(0xc04a255d00)
	D:/GoWorks/src/github.com/henrylee2cn/pholcus_lib/taobaosearch/taobaosearch.go:168 +0x9ff
github.com/henrylee2cn/pholcus/app/spider.(*Context).Parse(0xc04a255d00, 0xc04e137f48, 0x1, 0x1, 0xc04a916be0)
	D:/GoWorks/src/github.com/henrylee2cn/pholcus/app/spider/context.go:343 +0x217
github.com/henrylee2cn/pholcus/app/crawler.(*crawler).Process(0xc042035b40, 0xc04d7d0c30)
	D:/GoWorks/src/github.com/henrylee2cn/pholcus/app/crawler/crawler.go:159 +0x2ef
github.com/henrylee2cn/pholcus/app/crawler.(*crawler).run.func1(0xc042035b40, 0xc04d7d0c30)
	D:/GoWorks/src/github.com/henrylee2cn/pholcus/app/crawler/crawler.go:102 +0x11d
created by github.com/henrylee2cn/pholcus/app/crawler.(*crawler).run
	D:/GoWorks/src/github.com/henrylee2cn/pholcus/app/crawler/crawler.go:97 +0x7f

2018/01/12 09:47:03 [I]  *     Success: http://detail.tmall.com/item.htm?id=551851537374&ns=1&abbucket=0

2018/01/12 09:47:03 [D]  *     Start: http://detail.tmall.com/item.htm?id=553301318443&ns=1&abbucket=0
2018/01/12 09:47:03 [D]  *     Start: http://item.taobao.com/item.htm?id=18878025142&ns=1&abbucket=0#detail
2018/01/12 09:47:04 [I]  *     Success: http://detail.tmall.com/item.htm?id=553301318443&ns=1&abbucket=0

2018/01/12 09:47:04 [I]  *     Success: http://item.taobao.com/item.htm?id=18878025142&ns=1&abbucket=0#detail

2018/01/12 09:47:04 [D]  *     Start: http://detail.tmall.com/item.htm?id=560815602384&ns=1&abbucket=0
2018/01/12 09:47:04 [D]  *     Start: http://detail.tmall.com/item.htm?id=521515544833&ns=1&abbucket=0
2018/01/12 09:47:04 [D]  *     Start: http://detail.tmall.com/item.htm?id=532205865473&ns=1&abbucket=0
2018/01/12 09:47:04 [I]  *     Success: http://detail.tmall.com/item.htm?id=560815602384&ns=1&abbucket=0

2018/01/12 09:47:04 [D]  *     Start: http://detail.tmall.com/item.htm?id=559881253885&ns=1&abbucket=0
2018/01/12 09:47:05 [I]  *     Success: http://detail.tmall.com/item.htm?id=559881253885&ns=1&abbucket=0

2018/01/12 09:47:05 [D]  *     Start: http://item.taobao.com/item.htm?id=553657098430&ns=1&abbucket=0#detail
2018/01/12 09:47:05 [I]  *     Success: http://item.taobao.com/item.htm?id=553657098430&ns=1&abbucket=0#detail

2018/01/12 09:47:05 [D]  *     Start: http://detail.tmall.com/item.htm?id=547115965943&ns=1&abbucket=0
2018/01/12 09:47:06 [D]  *     Start: http://detail.tmall.com/item.htm?id=528730898768&ns=1&abbucket=0
2018/01/12 09:47:06 [I]  *     Success: http://detail.tmall.com/item.htm?id=547115965943&ns=1&abbucket=0

2018/01/12 09:47:06 [I]  *     Success: http://detail.tmall.com/item.htm?id=528730898768&ns=1&abbucket=0

2018/01/12 09:47:06 [D]  *     Start: http://item.taobao.com/item.htm?id=553293642310&ns=1&abbucket=0#detail
2018/01/12 09:47:07 [I]  *     Success: http://item.taobao.com/item.htm?id=553293642310&ns=1&abbucket=0#detail

2018/01/12 09:47:07 [D]  *     Start: http://item.taobao.com/item.htm?id=42102640308&ns=1&abbucket=0#detail
2018/01/12 09:47:07 [I]  *     Success: http://item.taobao.com/item.htm?id=42102640308&ns=1&abbucket=0#detail

2018/01/12 09:47:07 [D]  *     Start: http://detail.tmall.com/item.htm?id=39494832359&ns=1&abbucket=0
2018/01/12 09:47:07 [I]  *     + 失败请求: [http://detail.tmall.com/item.htm?id=521515544833&ns=1&abbucket=0]

2018/01/12 09:47:07 [E]  *     Panic  [process][http://detail.tmall.com/item.htm?id=521515544833&ns=1&abbucket=0]: runtime error: index out of range
[TRACE]
github.com/henrylee2cn/pholcus_lib/taobaosearch.glob..func5(0xc049a74d00)
	D:/GoWorks/src/github.com/henrylee2cn/pholcus_lib/taobaosearch/taobaosearch.go:168 +0x9ff
github.com/henrylee2cn/pholcus/app/spider.(*Context).Parse(0xc049a74d00, 0xc04202df48, 0x1, 0x1, 0xc04a9543c0)
	D:/GoWorks/src/github.com/henrylee2cn/pholcus/app/spider/context.go:343 +0x217
github.com/henrylee2cn/pholcus/app/crawler.(*crawler).Process(0xc042035b40, 0xc04d7d0ff0)
	D:/GoWorks/src/github.com/henrylee2cn/pholcus/app/crawler/crawler.go:159 +0x2ef
github.com/henrylee2cn/pholcus/app/crawler.(*crawler).run.func1(0xc042035b40, 0xc04d7d0ff0)
	D:/GoWorks/src/github.com/henrylee2cn/pholcus/app/crawler/crawler.go:102 +0x11d
created by github.com/henrylee2cn/pholcus/app/crawler.(*crawler).run
	D:/GoWorks/src/github.com/henrylee2cn/pholcus/app/crawler/crawler.go:97 +0x7f

2018/01/12 09:47:08 [D]  *     Start: http://detail.tmall.com/item.htm?id=559094883670&ns=1&abbucket=0
2018/01/12 09:47:08 [I]  *     Success: http://detail.tmall.com/item.htm?id=532205865473&ns=1&abbucket=0

2018/01/12 09:47:08 [I]  *     Success: http://detail.tmall.com/item.htm?id=39494832359&ns=1&abbucket=0

2018/01/12 09:47:08 [I]  *     Success: http://detail.tmall.com/item.htm?id=559094883670&ns=1&abbucket=0

2018/01/12 09:47:08 [D]  *     Start: http://detail.tmall.com/item.htm?id=553421082930&ns=1&abbucket=0
2018/01/12 09:47:08 [D]  *     Start: http://s.taobao.com/search?q=娃娃&ie=utf8&cps=yes&app=vproduct&cd=false&v=auction&tab=all&vlist=1&bcoffset=1&s=220
2018/01/12 09:47:08 [W]  *     [convert][http://s.taobao.com/search?q=娃娃&ie=utf8&cps=yes&app=vproduct&cd=false&v=auction&tab=all&vlist=1&bcoffset=1&s=220]: EOF (ignore transcoding)

2018/01/12 09:47:08 [E] error is unexpected end of JSON input

2018/01/12 09:47:08 [I]  *     Success: http://s.taobao.com/search?q=娃娃&ie=utf8&cps=yes&app=vproduct&cd=false&v=auction&tab=all&vlist=1&bcoffset=1&s=220

2018/01/12 09:47:09 [I]  *     Success: http://detail.tmall.com/item.htm?id=553421082930&ns=1&abbucket=0

2018/01/12 09:47:09 [D]  *     Start: http://s.taobao.com/search?q=娃娃&ie=utf8&cps=yes&app=vproduct&cd=false&v=auction&tab=all&vlist=1&bcoffset=1&s=264
2018/01/12 09:47:09 [I]  *     Success: http://s.taobao.com/search?q=娃娃&ie=utf8&cps=yes&app=vproduct&cd=false&v=auction&tab=all&vlist=1&bcoffset=1&s=264

2018/01/12 09:47:09 [D]  *     Start: http://detail.tmall.com/item.htm?id=45315502492&ns=1&abbucket=0
2018/01/12 09:47:09 [D]  *     Start: http://detail.tmall.com/item.htm?id=536131799724&ns=1&abbucket=0
2018/01/12 09:47:10 [D]  *     Start: http://item.taobao.com/item.htm?id=39515451962&ns=1&abbucket=0#detail
2018/01/12 09:47:10 [I]  *     Success: http://detail.tmall.com/item.htm?id=536131799724&ns=1&abbucket=0

2018/01/12 09:47:10 [I]  *     Success: http://item.taobao.com/item.htm?id=39515451962&ns=1&abbucket=0#detail

2018/01/12 09:47:10 [D]  *     Start: http://detail.tmall.com/item.htm?id=561684674809&ns=1&abbucket=0
2018/01/12 09:47:11 [I]  *     Success: http://detail.tmall.com/item.htm?id=45315502492&ns=1&abbucket=0

2018/01/12 09:47:11 [I]  *     Success: http://detail.tmall.com/item.htm?id=561684674809&ns=1&abbucket=0

2018/01/12 09:47:11 [D]  *     Start: http://detail.tmall.com/item.htm?id=520923086805&ns=1&abbucket=0
2018/01/12 09:47:11 [D]  *     Start: http://item.taobao.com/item.htm?id=520766019326&ns=1&abbucket=0#detail
2018/01/12 09:47:11 [D]  *     Start: http://item.taobao.com/item.htm?id=41118094315&ns=1&abbucket=0#detail
2018/01/12 09:47:12 [I]  *     Success: http://item.taobao.com/item.htm?id=520766019326&ns=1&abbucket=0#detail

2018/01/12 09:47:12 [D]  *     Start: http://detail.tmall.com/item.htm?id=547050863218&ns=1&abbucket=0
2018/01/12 09:47:12 [I]  *     Success: http://item.taobao.com/item.htm?id=41118094315&ns=1&abbucket=0#detail

2018/01/12 09:47:12 [I]  *     Success: http://detail.tmall.com/item.htm?id=520923086805&ns=1&abbucket=0

2018/01/12 09:47:12 [I]  *     Success: http://detail.tmall.com/item.htm?id=547050863218&ns=1&abbucket=0

2018/01/12 09:47:12 [D]  *     Start: http://detail.tmall.com/item.htm?id=558247267992&ns=1&abbucket=0
2018/01/12 09:47:13 [I]  *     Success: http://detail.tmall.com/item.htm?id=558247267992&ns=1&abbucket=0

2018/01/12 09:47:13 [D]  *     Start: http://detail.tmall.com/item.htm?id=522691537502&ns=1&abbucket=0
2018/01/12 09:47:13 [D]  *     Start: http://detail.tmall.com/item.htm?id=560515133273&ns=1&abbucket=0
2018/01/12 09:47:13 [I]  *     Success: http://detail.tmall.com/item.htm?id=522691537502&ns=1&abbucket=0

2018/01/12 09:47:14 [D]  *     Start: http://detail.tmall.com/item.htm?id=539657443349&ns=1&abbucket=0
2018/01/12 09:47:14 [I]  *     Success: http://detail.tmall.com/item.htm?id=560515133273&ns=1&abbucket=0

2018/01/12 09:47:14 [D]  *     Start: http://detail.tmall.com/item.htm?id=39466997236&ns=1&abbucket=0
2018/01/12 09:47:14 [I]  *     Success: http://detail.tmall.com/item.htm?id=539657443349&ns=1&abbucket=0

2018/01/12 09:47:15 [I]  *     Success: http://detail.tmall.com/item.htm?id=39466997236&ns=1&abbucket=0

2018/01/12 09:47:15 [D]  *     Start: http://detail.tmall.com/item.htm?id=542842072433&ns=1&abbucket=0
2018/01/12 09:47:15 [D]  *     Start: http://detail.tmall.com/item.htm?id=557252203467&ns=1&abbucket=0
2018/01/12 09:47:15 [I]  *     Success: http://detail.tmall.com/item.htm?id=542842072433&ns=1&abbucket=0

2018/01/12 09:47:16 [D]  *     Start: http://item.taobao.com/item.htm?id=553627866568&ns=1&abbucket=0#detail
2018/01/12 09:47:16 [I]  *     Success: http://detail.tmall.com/item.htm?id=557252203467&ns=1&abbucket=0

2018/01/12 09:47:16 [I]  *     + 失败请求: [http://item.taobao.com/item.htm?id=553627866568&ns=1&abbucket=0#detail]

2018/01/12 09:47:16 [E]  *     Panic  [process][http://item.taobao.com/item.htm?id=553627866568&ns=1&abbucket=0#detail]: runtime error: index out of range
[TRACE]
github.com/henrylee2cn/pholcus_lib/taobaosearch.glob..func5(0xc04e8f9480)
	D:/GoWorks/src/github.com/henrylee2cn/pholcus_lib/taobaosearch/taobaosearch.go:168 +0x9ff
github.com/henrylee2cn/pholcus/app/spider.(*Context).Parse(0xc04e8f9480, 0xc04ebc7f48, 0x1, 0x1, 0xc04e08aaa0)
	D:/GoWorks/src/github.com/henrylee2cn/pholcus/app/spider/context.go:343 +0x217
github.com/henrylee2cn/pholcus/app/crawler.(*crawler).Process(0xc042035b40, 0xc04c31ce10)
	D:/GoWorks/src/github.com/henrylee2cn/pholcus/app/crawler/crawler.go:159 +0x2ef
github.com/henrylee2cn/pholcus/app/crawler.(*crawler).run.func1(0xc042035b40, 0xc04c31ce10)
	D:/GoWorks/src/github.com/henrylee2cn/pholcus/app/crawler/crawler.go:102 +0x11d
created by github.com/henrylee2cn/pholcus/app/crawler.(*crawler).run
	D:/GoWorks/src/github.com/henrylee2cn/pholcus/app/crawler/crawler.go:97 +0x7f

2018/01/12 09:47:16 [D]  *     Start: http://detail.tmall.com/item.htm?id=553501493218&ns=1&abbucket=0
2018/01/12 09:47:16 [D]  *     Start: http://detail.tmall.com/item.htm?id=546803969919&ns=1&abbucket=0
2018/01/12 09:47:17 [I]  *     + 失败请求: [http://detail.tmall.com/item.htm?id=553501493218&ns=1&abbucket=0]

2018/01/12 09:47:17 [E]  *     Panic  [process][http://detail.tmall.com/item.htm?id=553501493218&ns=1&abbucket=0]: runtime error: index out of range
[TRACE]
github.com/henrylee2cn/pholcus_lib/taobaosearch.glob..func5(0xc049a75580)
	D:/GoWorks/src/github.com/henrylee2cn/pholcus_lib/taobaosearch/taobaosearch.go:168 +0x9ff
github.com/henrylee2cn/pholcus/app/spider.(*Context).Parse(0xc049a75580, 0xc04ebc7f48, 0x1, 0x1, 0xc04e4d22c0)
	D:/GoWorks/src/github.com/henrylee2cn/pholcus/app/spider/context.go:343 +0x217
github.com/henrylee2cn/pholcus/app/crawler.(*crawler).Process(0xc042035b40, 0xc04c31cf00)
	D:/GoWorks/src/github.com/henrylee2cn/pholcus/app/crawler/crawler.go:159 +0x2ef
github.com/henrylee2cn/pholcus/app/crawler.(*crawler).run.func1(0xc042035b40, 0xc04c31cf00)
	D:/GoWorks/src/github.com/henrylee2cn/pholcus/app/crawler/crawler.go:102 +0x11d
created by github.com/henrylee2cn/pholcus/app/crawler.(*crawler).run
	D:/GoWorks/src/github.com/henrylee2cn/pholcus/app/crawler/crawler.go:97 +0x7f

2018/01/12 09:47:17 [D]  *     Start: http://item.taobao.com/item.htm?id=44702174782&ns=1&abbucket=0#detail
2018/01/12 09:47:17 [I]  *     Success: http://item.taobao.com/item.htm?id=44702174782&ns=1&abbucket=0#detail

2018/01/12 09:47:17 [D]  *     Start: http://item.taobao.com/item.htm?id=551306960463&ns=1&abbucket=0#detail
2018/01/12 09:47:17 [I]  *     Success: http://item.taobao.com/item.htm?id=551306960463&ns=1&abbucket=0#detail

2018/01/12 09:47:17 [D]  *     Start: http://item.taobao.com/item.htm?id=552689270025&ns=1&abbucket=0#detail
2018/01/12 09:47:17 [I]  *     + 失败请求: [http://item.taobao.com/item.htm?id=552689270025&ns=1&abbucket=0#detail]

2018/01/12 09:47:17 [E]  *     Panic  [process][http://item.taobao.com/item.htm?id=552689270025&ns=1&abbucket=0#detail]: runtime error: index out of range
[TRACE]
github.com/henrylee2cn/pholcus_lib/taobaosearch.glob..func5(0xc04fb72700)
	D:/GoWorks/src/github.com/henrylee2cn/pholcus_lib/taobaosearch/taobaosearch.go:168 +0x9ff
github.com/henrylee2cn/pholcus/app/spider.(*Context).Parse(0xc04fb72700, 0xc04f09ff48, 0x1, 0x1, 0xc04e08ac80)
	D:/GoWorks/src/github.com/henrylee2cn/pholcus/app/spider/context.go:343 +0x217
github.com/henrylee2cn/pholcus/app/crawler.(*crawler).Process(0xc042035b40, 0xc04c31d2c0)
	D:/GoWorks/src/github.com/henrylee2cn/pholcus/app/crawler/crawler.go:159 +0x2ef
github.com/henrylee2cn/pholcus/app/crawler.(*crawler).run.func1(0xc042035b40, 0xc04c31d2c0)
	D:/GoWorks/src/github.com/henrylee2cn/pholcus/app/crawler/crawler.go:102 +0x11d
created by github.com/henrylee2cn/pholcus/app/crawler.(*crawler).run
	D:/GoWorks/src/github.com/henrylee2cn/pholcus/app/crawler/crawler.go:97 +0x7f

2018/01/12 09:47:17 [I]  *     Success: http://detail.tmall.com/item.htm?id=546803969919&ns=1&abbucket=0

2018/01/12 09:47:17 [D]  *     Start: http://item.taobao.com/item.htm?id=552729306055&ns=1&abbucket=0#detail
2018/01/12 09:47:18 [I]  *     Success: http://item.taobao.com/item.htm?id=552729306055&ns=1&abbucket=0#detail

2018/01/12 09:47:18 [D]  *     Start: http://item.taobao.com/item.htm?id=555221222439&ns=1&abbucket=0#detail
2018/01/12 09:47:18 [I]  *     Success: http://item.taobao.com/item.htm?id=555221222439&ns=1&abbucket=0#detail

2018/01/12 09:47:18 [D]  *     Start: http://detail.tmall.com/item.htm?id=537056776551&ns=1&abbucket=0
2018/01/12 09:47:19 [D]  *     Start: http://detail.tmall.com/item.htm?id=559131559393&ns=1&abbucket=0
2018/01/12 09:47:19 [I]  *     Success: http://detail.tmall.com/item.htm?id=537056776551&ns=1&abbucket=0

2018/01/12 09:47:19 [D]  *     Start: http://detail.tmall.com/item.htm?id=540056235256&ns=1&abbucket=0
2018/01/12 09:47:19 [I]  *     Success: http://detail.tmall.com/item.htm?id=559131559393&ns=1&abbucket=0

2018/01/12 09:47:19 [D]  *     Start: http://detail.tmall.com/item.htm?id=562154324010&ns=1&abbucket=0
2018/01/12 09:47:19 [I]  *     Success: http://detail.tmall.com/item.htm?id=540056235256&ns=1&abbucket=0

2018/01/12 09:47:20 [D]  *     Start: http://detail.tmall.com/item.htm?id=542012846579&ns=1&abbucket=0
2018/01/12 09:47:20 [I]  *     Success: http://detail.tmall.com/item.htm?id=562154324010&ns=1&abbucket=0

2018/01/12 09:47:20 [D]  *     Start: http://detail.tmall.com/item.htm?id=45381546274&ns=1&abbucket=0
2018/01/12 09:47:20 [I]  *     Success: http://detail.tmall.com/item.htm?id=542012846579&ns=1&abbucket=0

2018/01/12 09:47:20 [D]  *     Start: http://item.taobao.com/item.htm?id=40525528704&ns=1&abbucket=0#detail
2018/01/12 09:47:21 [I]  *     + 失败请求: [http://item.taobao.com/item.htm?id=40525528704&ns=1&abbucket=0#detail]

2018/01/12 09:47:21 [E]  *     Panic  [process][http://item.taobao.com/item.htm?id=40525528704&ns=1&abbucket=0#detail]: runtime error: index out of range
[TRACE]
github.com/henrylee2cn/pholcus_lib/taobaosearch.glob..func5(0xc04e200480)
	D:/GoWorks/src/github.com/henrylee2cn/pholcus_lib/taobaosearch/taobaosearch.go:168 +0x9ff
github.com/henrylee2cn/pholcus/app/spider.(*Context).Parse(0xc04e200480, 0xc04f09ff48, 0x1, 0x1, 0xc04e08ae60)
	D:/GoWorks/src/github.com/henrylee2cn/pholcus/app/spider/context.go:343 +0x217
github.com/henrylee2cn/pholcus/app/crawler.(*crawler).Process(0xc042035b40, 0xc04c31db30)
	D:/GoWorks/src/github.com/henrylee2cn/pholcus/app/crawler/crawler.go:159 +0x2ef
github.com/henrylee2cn/pholcus/app/crawler.(*crawler).run.func1(0xc042035b40, 0xc04c31db30)
	D:/GoWorks/src/github.com/henrylee2cn/pholcus/app/crawler/crawler.go:102 +0x11d
created by github.com/henrylee2cn/pholcus/app/crawler.(*crawler).run
	D:/GoWorks/src/github.com/henrylee2cn/pholcus/app/crawler/crawler.go:97 +0x7f

2018/01/12 09:47:21 [I]  *     Success: http://detail.tmall.com/item.htm?id=45381546274&ns=1&abbucket=0

2018/01/12 09:47:21 [D]  *     Start: http://detail.tmall.com/item.htm?id=20513163769&ns=1&abbucket=0
2018/01/12 09:47:21 [D]  *     Start: http://detail.tmall.com/item.htm?id=560630005767&ns=1&abbucket=0
2018/01/12 09:47:21 [I]  *     + 失败请求: [http://detail.tmall.com/item.htm?id=20513163769&ns=1&abbucket=0]

2018/01/12 09:47:21 [E]  *     Panic  [process][http://detail.tmall.com/item.htm?id=20513163769&ns=1&abbucket=0]: runtime error: index out of range
[TRACE]
github.com/henrylee2cn/pholcus_lib/taobaosearch.glob..func5(0xc04e315280)
	D:/GoWorks/src/github.com/henrylee2cn/pholcus_lib/taobaosearch/taobaosearch.go:168 +0x9ff
github.com/henrylee2cn/pholcus/app/spider.(*Context).Parse(0xc04e315280, 0xc04dbfdf48, 0x1, 0x1, 0xc04e4d26c0)
	D:/GoWorks/src/github.com/henrylee2cn/pholcus/app/spider/context.go:343 +0x217
github.com/henrylee2cn/pholcus/app/crawler.(*crawler).Process(0xc042035b40, 0xc04c31dc20)
	D:/GoWorks/src/github.com/henrylee2cn/pholcus/app/crawler/crawler.go:159 +0x2ef
github.com/henrylee2cn/pholcus/app/crawler.(*crawler).run.func1(0xc042035b40, 0xc04c31dc20)
	D:/GoWorks/src/github.com/henrylee2cn/pholcus/app/crawler/crawler.go:102 +0x11d
created by github.com/henrylee2cn/pholcus/app/crawler.(*crawler).run
	D:/GoWorks/src/github.com/henrylee2cn/pholcus/app/crawler/crawler.go:97 +0x7f

2018/01/12 09:47:22 [I]  *     Success: http://detail.tmall.com/item.htm?id=560630005767&ns=1&abbucket=0

2018/01/12 09:47:22 [D]  *     Start: http://item.taobao.com/item.htm?id=548196946939&ns=1&abbucket=0#detail
2018/01/12 09:47:22 [I]  *     Success: http://item.taobao.com/item.htm?id=548196946939&ns=1&abbucket=0#detail

2018/01/12 09:47:22 [D]  *     Start: http://detail.tmall.com/item.htm?id=552781415089&ns=1&abbucket=0
2018/01/12 09:47:22 [D]  *     Start: http://item.taobao.com/item.htm?id=548422407849&ns=1&abbucket=0#detail
2018/01/12 09:47:23 [I]  *     Success: http://detail.tmall.com/item.htm?id=552781415089&ns=1&abbucket=0

2018/01/12 09:47:23 [I]  *     Success: http://item.taobao.com/item.htm?id=548422407849&ns=1&abbucket=0#detail

2018/01/12 09:47:23 [D]  *     Start: http://detail.tmall.com/item.htm?id=556056485120&ns=1&abbucket=0
2018/01/12 09:47:23 [D]  *     Start: http://item.taobao.com/item.htm?id=537749507454&ns=1&abbucket=0#detail
2018/01/12 09:47:23 [I]  *     Success: http://item.taobao.com/item.htm?id=537749507454&ns=1&abbucket=0#detail

2018/01/12 09:47:23 [I]  *     Success: http://detail.tmall.com/item.htm?id=556056485120&ns=1&abbucket=0

2018/01/12 09:47:23 [D]  *     Start: http://item.taobao.com/item.htm?id=560401481398&ns=1&abbucket=0#detail
2018/01/12 09:47:24 [I]  * 
2018/01/12 09:47:24 [P]  *     [数据输出：淘宝天猫搜索 | KEYIN：娃娃 | 批次：1]   数据 130 条！

2018/01/12 09:47:24 [I]  *     [添加成功记录]: 137 条

2018/01/12 09:47:24 [I]  * 
2018/01/12 09:47:24 [P]  *     [任务小计：淘宝天猫搜索 | KEYIN：娃娃]   共采集数据 130 条，用时 1m3.8437724s！

2018/01/12 09:47:24 [I]  * 
2018/01/12 09:47:24 [I]  *********************************************************************************************************************************** 
2018/01/12 09:47:24 [I]  * 
2018/01/12 09:47:24 [P]  *                            —— 任务中途取消：合计采集【数据 130 条】， 实爬【成功 138 URL + 失败 31 URL = 合计 169 URL】，耗时【1m3.8437724s】 ——
2018/01/12 09:47:24 [I]  * 
2018/01/12 09:47:24 [I]  *********************************************************************************************************************************** 
2018/01/12 09:52:26 [I]  *     不使用代理IP

2018/01/12 09:52:26 [I]  *     执行任务总数(任务数[*自定义配置数])为 2 个

2018/01/12 09:52:26 [I]  *     采集引擎池容量为 2

2018/01/12 09:52:26 [I]  *     并发协程最多 150 个

2018/01/12 09:52:26 [I]  *     默认随机停顿 150~600 毫秒

2018/01/12 09:52:26 [P]  *                                                                                                 —— 开始抓取，请耐心等候 ——
2018/01/12 09:52:26 [I]  *********************************************************************************************************************************** 
2018/01/12 09:52:26 [I]  *     [读取成功记录]: 137 条

2018/01/12 09:52:26 [D]  *     Start: http://list.taobao.com/browse/cat-0.htm
2018/01/12 09:52:26 [P]  *     [任务小计：淘宝天猫搜索 | KEYIN：娃娃]   无采集结果，用时 7.5304ms！

2018/01/12 09:52:26 [I]  *     Success: http://list.taobao.com/browse/cat-0.htm

2018/01/12 09:52:27 [P]  *     [任务小计：淘宝数据 | KEYIN：]   无采集结果，用时 502.8865ms！

2018/01/12 09:52:27 [I]  * 
2018/01/12 09:52:27 [I]  *********************************************************************************************************************************** 
2018/01/12 09:52:27 [I]  * 
2018/01/12 09:52:27 [P]  *                            —— 本次无采集结果，实爬【成功 1 URL + 失败 0 URL = 合计 1 URL】，耗时【502.8865ms】 ——
2018/01/12 09:52:27 [I]  * 
2018/01/12 09:52:27 [I]  *********************************************************************************************************************************** 
2018/01/12 09:57:46 [I]                                                                                                ！！当前运行模式为：[ 单机 ] 模式！！
